Log file open, 12/29/17 13:25:13
LogWindows: LoadLibraryWithSearchPaths failed for file aqProf.dll. GetLastError=0
LogWindows: LoadLibraryWithSearchPaths failed for file VSPerf140.dll. GetLastError=0
LogWindows: LoadLibraryWithSearchPaths failed for file VtuneApi.dll. GetLastError=0
LogWindows: LoadLibraryWithSearchPaths failed for file VtuneApi32e.dll. GetLastError=0
LogInit: Display: Running engine for game: SalwaRTS
LogPlatformFile: Not using cached read wrapper
LogInit: Display: RandInit(1298260555) SRandInit(1298260555).
LogTaskGraph: Started task graph with 5 named threads and 14 total threads with 3 sets of task threads.
LogStats: Stats thread started at 0.146316
LogD3D11RHI: Aftermath initialized
LogPluginManager: Mounting plugin Paper2D
LogPluginManager: Mounting plugin LightPropagationVolume
LogPluginManager: Mounting plugin CodeLiteSourceCodeAccess
LogPluginManager: Mounting plugin GitSourceControl
LogPluginManager: Mounting plugin KDevelopSourceCodeAccess
LogPluginManager: Mounting plugin NullSourceCodeAccess
LogPluginManager: Mounting plugin PerforceSourceControl
LogPluginManager: Mounting plugin SubversionSourceControl
LogPluginManager: Mounting plugin UObjectPlugin
LogPluginManager: Mounting plugin VisualStudioSourceCodeAccess
LogPluginManager: Mounting plugin XCodeSourceCodeAccess
LogPluginManager: Mounting plugin AssetManagerEditor
LogPluginManager: Mounting plugin AudioCapture
LogPluginManager: Mounting plugin FacialAnimation
LogPluginManager: Mounting plugin GameplayTagsEditor
LogPluginManager: Mounting plugin MobileLauncherProfileWizard
LogPluginManager: Mounting plugin PluginBrowser
LogPluginManager: Mounting plugin SpeedTreeImporter
LogPluginManager: Mounting plugin AlembicImporter
LogPluginManager: Mounting plugin CharacterAI
LogPluginManager: Mounting plugin HTML5Networking
LogPluginManager: Mounting plugin AndroidMedia
LogPluginManager: Mounting plugin AvfMedia
LogPluginManager: Mounting plugin MediaPlayerEditor
LogPluginManager: Mounting plugin WmfMedia
LogPluginManager: Mounting plugin TcpMessaging
LogPluginManager: Mounting plugin UdpMessaging
LogPluginManager: Mounting plugin LevelSequenceEditor
LogPluginManager: Mounting plugin MatineeToLevelSequence
LogPluginManager: Mounting plugin OnlineSubsystemGooglePlay
LogPluginManager: Mounting plugin OnlineSubsystemIOS
LogPluginManager: Mounting plugin OnlineSubsystem
LogPluginManager: Mounting plugin OnlineSubsystemNull
LogPluginManager: Mounting plugin OnlineSubsystemUtils
LogPluginManager: Mounting plugin AndroidDeviceProfileSelector
LogPluginManager: Mounting plugin AndroidMoviePlayer
LogPluginManager: Mounting plugin AndroidPermission
LogPluginManager: Mounting plugin AppleMoviePlayer
LogPluginManager: Mounting plugin ArchVisCharacter
LogPluginManager: Mounting plugin CableComponent
LogPluginManager: Mounting plugin CustomMeshComponent
LogPluginManager: Mounting plugin ExampleDeviceProfileSelector
LogPluginManager: Mounting plugin GoogleCloudMessaging
LogPluginManager: Mounting plugin ImmediatePhysics
LogPluginManager: Mounting plugin IOSDeviceProfileSelector
LogPluginManager: Mounting plugin LinuxDeviceProfileSelector
LogPluginManager: Mounting plugin LocationServicesBPLibrary
LogPluginManager: Mounting plugin MobilePatchingUtils
LogPluginManager: Mounting plugin OculusVR
LogPluginManager: Mounting plugin PhysXVehicles
LogPluginManager: Mounting plugin ProceduralMeshComponent
LogPluginManager: Mounting plugin RuntimePhysXCooking
LogPluginManager: Mounting plugin SteamVR
LogPluginManager: Mounting plugin WindowsMoviePlayer
LogInit: Using libcurl 7.47.1
LogInit:  - built for x86_64-pc-win32
LogInit:  - supports SSL with OpenSSL/1.0.2g
LogInit:  - supports HTTP deflate (compression) using libz 1.2.8
LogInit:  - other features:
LogInit:      CURL_VERSION_SSL
LogInit:      CURL_VERSION_LIBZ
LogInit:      CURL_VERSION_IPV6
LogInit:      CURL_VERSION_ASYNCHDNS
LogInit:      CURL_VERSION_LARGEFILE
LogInit:      CURL_VERSION_IDN
LogInit:  CurlRequestOptions (configurable via config and command line):
LogInit:  - bVerifyPeer = false  - Libcurl will NOT verify peer certificate
LogInit:  - bUseHttpProxy = false  - Libcurl will NOT use HTTP proxy
LogInit:  - bDontReuseConnections = false  - Libcurl will reuse connections
LogInit:  - CertBundlePath = nullptr  - Libcurl will use whatever was configured at build time.
LogInit: Build: ++UE4+Release-4.17-CL-3573198
LogInit: Engine Version: 4.17.0-3573198+++UE4+Release-4.17
LogInit: Compatible Engine Version: 4.17.0-3573198+++UE4+Release-4.17
LogInit: Net CL: 3573198
LogDevObjectVersion: Number of dev versions registered: 16
LogDevObjectVersion:   Dev-Blueprints (B0D832E4-1F89-4F0D-ACCF-7EB736FD4AA2): 10
LogDevObjectVersion:   Dev-Build (E1C64328-A22C-4D53-A36C-8E866417BD8C): 0
LogDevObjectVersion:   Dev-Core (375EC13C-06E4-48FB-B500-84F0262A717E): 2
LogDevObjectVersion:   Dev-Editor (E4B068ED-F494-42E9-A231-DA0B2E46BB41): 20
LogDevObjectVersion:   Dev-Framework (CFFC743F-43B0-4480-9391-14DF171D2073): 28
LogDevObjectVersion:   Dev-Mobile (B02B49B5-BB20-44E9-A304-32B752E40360): 0
LogDevObjectVersion:   Dev-Networking (A4E4105C-59A1-49B5-A7C5-40C4547EDFEE): 0
LogDevObjectVersion:   Dev-Online (39C831C9-5AE6-47DC-9A44-9C173E1C8E7C): 0
LogDevObjectVersion:   Dev-Physics (78F01B33-EBEA-4F98-B9B4-84EACCB95AA2): 0
LogDevObjectVersion:   Dev-Platform (6631380F-2D4D-43E0-8009-CF276956A95A): 0
LogDevObjectVersion:   Dev-Rendering (12F88B9F-8875-4AFC-A67C-D90C383ABD29): 19
LogDevObjectVersion:   Dev-Sequencer (7B5AE74C-D270-4C10-A958-57980B212A5A): 4
LogDevObjectVersion:   Dev-VR (D7296918-1DD6-4BDD-9DE2-64A83CC13884): 0
LogDevObjectVersion:   Dev-LoadTimes (C2A15278-BFE7-4AFE-6C17-90FF531DF755): 1
LogDevObjectVersion:   Private-Geometry (6EACA3D4-40EC-4CC1-B786-8BED09428FC5): 1
LogDevObjectVersion:   Dev-AnimPhys (29E575DD-E0A3-4627-9D10-D276232CDCEA): 7
LogInit: Compiled (64-bit): Aug  4 2017 16:30:33
LogInit: Compiled with Visual C++: 19.00.24215.01
LogInit: Build Configuration: Development
LogInit: Branch Name: ++UE4+Release-4.17
LogInit: Command line: -EpicPortal 
LogInit: Base directory: E:/Programs/UE_4.17/UE_4.17/Engine/Binaries/Win64/
LogInit: Installed Engine Build: 1
LogInit: Presizing for max 8388607 objects, including 0 objects not considered by GC, pre-allocating 0 bytes for permanent pool.
LogInit: Object subsystem initialized
[2017.12.29-12.25.13:824][  0]LogInit: Selected Device Profile: [Windows]
[2017.12.29-12.25.13:824][  0]LogInit: Applying CVar settings loaded from the selected device profile: [Windows]
[2017.12.29-12.25.13:830][  0]LogInit: Computer: SALVEIRO-PC
[2017.12.29-12.25.13:830][  0]LogInit: User: Salveiro
[2017.12.29-12.25.13:830][  0]LogInit: CPU Page size=4096, Cores=4
[2017.12.29-12.25.13:830][  0]LogInit: High frequency timer resolution =3.418017 MHz
[2017.12.29-12.25.13:830][  0]LogMemory: Memory total: Physical=7.9GB (8GB approx)
[2017.12.29-12.25.13:830][  0]LogMemory: Platform Memory Stats for Windows
[2017.12.29-12.25.13:830][  0]LogMemory: Process Physical Memory: 278.96 MB used, 278.96 MB peak
[2017.12.29-12.25.13:830][  0]LogMemory: Process Virtual Memory: 276.30 MB used, 276.30 MB peak
[2017.12.29-12.25.13:830][  0]LogMemory: Physical Memory: 3915.87 MB used,  4192.74 MB free, 8108.61 MB total
[2017.12.29-12.25.13:830][  0]LogMemory: Virtual Memory: 655.47 MB used,  4192.74 MB free, 8388608.00 MB total
[2017.12.29-12.25.13:909][  0]LogInit: Using OS detected language (pl-PL).
[2017.12.29-12.25.13:909][  0]LogInit: Using OS detected locale (pl-PL).
[2017.12.29-12.25.13:911][  0]LogTextLocalizationManager: No localization for 'pl-PL' exists, so 'en' will be used for the language.
[2017.12.29-12.25.13:911][  0]LogTextLocalizationManager: No localization for 'pl-PL' exists, so 'en' will be used for the locale.
[2017.12.29-12.25.14:426][  0]LogD3D11RHI: D3D11 adapters:
[2017.12.29-12.25.14:447][  0]LogD3D11RHI:    0. 'NVIDIA GeForce GTX 970' (Feature Level 11_0)
[2017.12.29-12.25.14:447][  0]LogD3D11RHI:       4007/0/3798 MB DedicatedVideo/DedicatedSystem/SharedSystem, Outputs:1, VendorId:0x10de
[2017.12.29-12.25.14:447][  0]LogD3D11RHI: Chosen D3D11 Adapter: 0
[2017.12.29-12.25.14:450][  0]LogD3D11RHI: Creating new Direct3DDevice
[2017.12.29-12.25.14:450][  0]LogD3D11RHI:     GPU DeviceId: 0x13c2 (for the marketing name, search the web for "GPU Device Id")
[2017.12.29-12.25.14:450][  0]LogWindows: EnumDisplayDevices:
[2017.12.29-12.25.14:450][  0]LogWindows:    0. 'NVIDIA GeForce GTX 970' (P:1 D:1)
[2017.12.29-12.25.14:450][  0]LogWindows:    1. 'NVIDIA GeForce GTX 970' (P:0 D:0)
[2017.12.29-12.25.14:451][  0]LogWindows:    2. 'NVIDIA GeForce GTX 970' (P:0 D:0)
[2017.12.29-12.25.14:451][  0]LogWindows:    3. 'NVIDIA GeForce GTX 970' (P:0 D:0)
[2017.12.29-12.25.14:451][  0]LogWindows:    4. 'RDPDD Chained DD' (P:0 D:0)
[2017.12.29-12.25.14:451][  0]LogWindows:    5. 'RDP Encoder Mirror Driver' (P:0 D:0)
[2017.12.29-12.25.14:451][  0]LogWindows:    6. 'RDP Reflector Display Driver' (P:0 D:0)
[2017.12.29-12.25.14:451][  0]LogWindows: DebugString: GetVideoDriverDetailsInvalid PrimaryIsNotTheChoosenAdapter GetVideoDriverDetailsInvalid PrimaryIsNotTheChoosenAdapter GetVideoDriverDetailsInvalid PrimaryIsNotTheChoosenAdapter FoundDriverCount:4 
[2017.12.29-12.25.14:451][  0]LogD3D11RHI:     Adapter Name: NVIDIA GeForce GTX 970
[2017.12.29-12.25.14:451][  0]LogD3D11RHI:   Driver Version: 384.94 (internal:22.21.13.8494, unified:384.94)
[2017.12.29-12.25.14:451][  0]LogD3D11RHI:      Driver Date: 7-18-2017
[2017.12.29-12.25.14:451][  0]LogRHI: Texture pool is 1361 MB (70% of 1945 MB)
[2017.12.29-12.25.14:458][  0]LogD3D11RHI: Async texture creation enabled
[2017.12.29-12.25.14:472][  0]LogD3D11RHI: GPU Timing Frequency: 1000.000000 (Debug: 2 2)
[2017.12.29-12.25.14:473][  0]LogShaderCompilers: Guid format shader working directory is -12 characters bigger than the processId version (../../../../../../Salveiro/Documents/Unreal Projects/SalwaRTS/Intermediate/Shaders/WorkingDirectory/4504/).
[2017.12.29-12.25.14:473][  0]LogShaderCompilers: Cleaned the shader compiler working directory 'C:/Users/Salveiro/AppData/Local/Temp/UnrealShaderWorkingDir/CA6A4FCC439F4F94E80041A30E68E205/'.
[2017.12.29-12.25.14:473][  0]LogShaderCompilers: Display: Using Local Shader Compiler.
[2017.12.29-12.25.15:212][  0]LogTemp: Display: Loaded TP AllDesktopTargetPlatform
[2017.12.29-12.25.15:241][  0]LogTemp: Display: Loaded TP MacClientTargetPlatform
[2017.12.29-12.25.15:271][  0]LogTemp: Display: Loaded TP MacNoEditorTargetPlatform
[2017.12.29-12.25.15:300][  0]LogTemp: Display: Loaded TP MacServerTargetPlatform
[2017.12.29-12.25.15:329][  0]LogTemp: Display: Loaded TP MacTargetPlatform
[2017.12.29-12.25.15:371][  0]LogTemp: Display: Loaded TP WindowsClientTargetPlatform
[2017.12.29-12.25.15:401][  0]LogTemp: Display: Loaded TP WindowsNoEditorTargetPlatform
[2017.12.29-12.25.15:431][  0]LogTemp: Display: Loaded TP WindowsServerTargetPlatform
[2017.12.29-12.25.15:454][  0]LogTemp: Display: Loaded TP WindowsTargetPlatform
[2017.12.29-12.25.15:482][  0]LogTemp: Display: Loaded TP AndroidTargetPlatform
[2017.12.29-12.25.15:511][  0]LogTemp: Display: Loaded TP Android_ASTCTargetPlatform
[2017.12.29-12.25.15:539][  0]LogTemp: Display: Loaded TP Android_ATCTargetPlatform
[2017.12.29-12.25.15:568][  0]LogTemp: Display: Loaded TP Android_DXTTargetPlatform
[2017.12.29-12.25.15:597][  0]LogTemp: Display: Loaded TP Android_ETC1TargetPlatform
[2017.12.29-12.25.15:626][  0]LogTemp: Display: Loaded TP Android_ETC2TargetPlatform
[2017.12.29-12.25.15:682][  0]LogTemp: Display: Loaded TP Android_MultiTargetPlatform
[2017.12.29-12.25.15:683][  0]LogTemp: Display: Loaded TP Android_PVRTCTargetPlatform
[2017.12.29-12.25.15:701][  0]LogTemp: Display: Loaded TP HTML5TargetPlatform
[2017.12.29-12.25.15:766][  0]LogTemp: Display: Loaded TP IOSTargetPlatform
[2017.12.29-12.25.15:784][  0]LogTemp: Display: Loaded TP TVOSTargetPlatform
[2017.12.29-12.25.15:812][  0]LogTemp: Display: Loaded TP LinuxClientTargetPlatform
[2017.12.29-12.25.15:841][  0]LogTemp: Display: Loaded TP LinuxNoEditorTargetPlatform
[2017.12.29-12.25.15:869][  0]LogTemp: Display: Loaded TP LinuxServerTargetPlatform
[2017.12.29-12.25.15:898][  0]LogTemp: Display: Loaded TP LinuxTargetPlatform
[2017.12.29-12.25.15:898][  0]LogTargetPlatformManager: Display: Building Assets For Windows
[2017.12.29-12.25.16:154][  0]LogDerivedDataCache: Display: Max Cache Size: 512 MB
[2017.12.29-12.25.16:240][  0]LogDerivedDataCache: Loaded boot cache 0.09s 93MB C:/Users/Salveiro/AppData/Local/UnrealEngine/4.17/DerivedDataCache/Boot.ddc.
[2017.12.29-12.25.16:241][  0]LogDerivedDataCache: Display: Loaded Boot cache: C:/Users/Salveiro/AppData/Local/UnrealEngine/4.17/DerivedDataCache/Boot.ddc
[2017.12.29-12.25.16:241][  0]LogDerivedDataCache: FDerivedDataBackendGraph:  Pak pak cache file ../../../../../../Salveiro/Documents/Unreal Projects/SalwaRTS/DerivedDataCache/DDC.ddp not found, will not use a pak cache.
[2017.12.29-12.25.16:241][  0]LogDerivedDataCache: Unable to find inner node Pak for hierarchical cache Hierarchy.
[2017.12.29-12.25.16:241][  0]LogDerivedDataCache: FDerivedDataBackendGraph:  CompressedPak pak cache file ../../../../../../Salveiro/Documents/Unreal Projects/SalwaRTS/DerivedDataCache/Compressed.ddp not found, will not use a pak cache.
[2017.12.29-12.25.16:241][  0]LogDerivedDataCache: Unable to find inner node CompressedPak for hierarchical cache Hierarchy.
[2017.12.29-12.25.16:257][  0]LogDerivedDataCache: Display: Pak cache opened for reading ../../../Engine/DerivedDataCache/Compressed.ddp.
[2017.12.29-12.25.16:268][  0]LogDerivedDataCache: Using Local data cache path C:/Users/Salveiro/AppData/Local/UnrealEngine/Common/DerivedDataCache: Writable
[2017.12.29-12.25.16:277][  0]LogMaterial: Verifying Global Shaders for PCD3D_SM5
[2017.12.29-12.25.16:277][  0]LogSlate: Using Freetype 2.6.0
[2017.12.29-12.25.16:277][  0]LogSlate: SlateFontCache - WITH_FREETYPE: 1, WITH_HARFBUZZ: 1
[2017.12.29-12.25.16:277][  0]LogSlate: SlateFontCache - WITH_FREETYPE: 1, WITH_HARFBUZZ: 1
[2017.12.29-12.25.16:490][  0]LogAssetRegistry: FAssetRegistry took 0.0236 seconds to start up
[2017.12.29-12.25.16:623][  0]LogInit: Selected Device Profile: [Windows]
[2017.12.29-12.25.16:627][  0]LogContentStreaming: Texture pool size is 0.00 MB
[2017.12.29-12.25.16:898][  0]LogSimplygon: Simplygon DLL not present - disabling.
[2017.12.29-12.25.16:918][  0]LogMeshReduction: Using SimplygonSwarm for distributed automatic mesh merging
[2017.12.29-12.25.16:918][  0]LogMeshReduction: Using QuadricMeshReduction for automatic static mesh reduction
[2017.12.29-12.25.16:918][  0]LogMeshReduction: No automatic skeletal mesh reduction module available
[2017.12.29-12.25.16:918][  0]LogMeshReduction: No automatic mesh merging module available
[2017.12.29-12.25.16:918][  0]LogMeshMerging: No automatic mesh merging module available
[2017.12.29-12.25.17:215][  0]LogNetVersion: SalwaRTS , NetCL: 3573198, EngineNetVer: 2, GameNetVer: 0 (Checksum: 3787491289)
[2017.12.29-12.25.17:464][  0]LogPackageLocalizationCache: Processed 5 localized package path(s) for 1 prioritized culture(s) in 0.133222 seconds
[2017.12.29-12.25.17:469][  0]LogUObjectArray: 35825 objects as part of root set at end of initial load.
[2017.12.29-12.25.17:469][  0]LogUObjectAllocator: 7529104 out of 0 bytes used by permanent object pool.
[2017.12.29-12.25.17:469][  0]LogUObjectArray: CloseDisregardForGC: 0/0 objects in disregard for GC pool
[2017.12.29-12.25.17:497][  0]LogInit: WinSock: version 1.1 (2.2), MaxSocks=32767, MaxUdp=65467
[2017.12.29-12.25.19:167][  0]LogTcpMessaging: Initializing TcpMessaging bridge
[2017.12.29-12.25.19:192][  0]LogUdpMessaging: Initializing bridge on interface 0.0.0.0:0 to multicast group 230.0.0.1:6666.
[2017.12.29-12.25.19:749][  0]LogMaterial: Uniform references updated for custom material expression Custom.
[2017.12.29-12.25.20:028][  0]SourceControl: Source control is disabled
[2017.12.29-12.25.20:028][  0]SourceControl: Source control is disabled
[2017.12.29-12.25.20:051][  0]SourceControl: Source control is disabled
[2017.12.29-12.25.20:074][  0]SourceControl: Source control is disabled
[2017.12.29-12.25.20:354][  0]LogAndroidPermission: UAndroidPermissionCallbackProxy::GetInstance
[2017.12.29-12.25.20:472][  0]LogOcInput: OculusInput pre-init called
[2017.12.29-12.25.20:616][  0]LogEngine: Initializing Engine...
[2017.12.29-12.25.20:617][  0]LogHMD: Failed to initialize OpenVR with code 110
[2017.12.29-12.25.20:823][  0]LogStats: UGameplayTagsManager::ConstructGameplayTagTree: Construct from data asset -  0.000 s
[2017.12.29-12.25.20:823][  0]LogStats: UGameplayTagsManager::ConstructGameplayTagTree: GameplayTagTreeChangedEvent.Broadcast -  0.000 s
[2017.12.29-12.25.20:893][  0]LogAIModule: Creating AISystem for world Untitled
[2017.12.29-12.25.20:902][  0]LogInit: XAudio2 using 'Speakers (High Definition Audio Device)' : 2 channels at 44.1 kHz using 16 bits per sample (channel mask 0x3)
[2017.12.29-12.25.20:921][  0]LogInit: FAudioDevice initialized.
[2017.12.29-12.25.21:037][  0]LogDerivedDataCache: Saved boot cache 0.12s 93MB C:/Users/Salveiro/AppData/Local/UnrealEngine/4.17/DerivedDataCache/Boot.ddc.
[2017.12.29-12.25.21:044][  0]LogInit: Texture streaming: Enabled
[2017.12.29-12.25.21:098][  0]LogEngineSessionManager: EngineSessionManager initialized
[2017.12.29-12.25.21:226][  0]LogInit: Transaction tracking system initialized
[2017.12.29-12.25.21:378][  0]BlueprintLog: New page: Editor Load
[2017.12.29-12.25.21:808][  0]LocalizationService: Localization service is disabled
[2017.12.29-12.25.22:066][  0]LogLinker: Warning: Can't find file '/Game/RTS_tutorial/TopDownOverview'
[2017.12.29-12.25.22:066][  0]LogLinker: Warning: Can't find file '/Game/RTS_tutorial/TopDownOverview'
[2017.12.29-12.25.22:066][  0]LogUObjectGlobals: Warning: Failed to find object 'Class /Game/RTS_tutorial/TopDownOverview.TopDownOverview_C'
[2017.12.29-12.25.22:160][  0]LogConsoleResponse: Display: 
[2017.12.29-12.25.22:381][  0]LogFileCache: Scanning file cache for directory 'E:/Salveiro/Documents/Unreal Projects/SalwaRTS/Content/' took 0.01s
[2017.12.29-12.25.22:381][  0]LogCook: Display: Max memory allowance for cook 16384mb min free memory 0mb
[2017.12.29-12.25.22:381][  0]LogCook: Display: Mobile HDR setting 1
[2017.12.29-12.25.22:381][  0]LogGameplayTags: Display: UGameplayTagsManager::DoneAddingNativeTags. DelegateIsBound: 0
[2017.12.29-12.25.22:905][  0]SourceControl: Source control is disabled
[2017.12.29-12.25.22:905][  0]Cmd: MAP LOAD FILE="../../../../../../Salveiro/Documents/Unreal Projects/SalwaRTS/Content/RTS_tutorial/Maps/RTS_test_map.umap" TEMPLATE=0 SHOWPROGRESS=1 FEATURELEVEL=3
[2017.12.29-12.25.23:009][  0]LightingResults: New page: Lighting Build
[2017.12.29-12.25.23:031][  0]MapCheck: New page: Map Check
[2017.12.29-12.25.23:031][  0]LightingResults: New page: Lighting Build
[2017.12.29-12.25.27:904][  0]LogAIModule: Creating AISystem for world RTS_test_map
[2017.12.29-12.25.29:754][  0]LogEditorServer: Finished looking for orphan Actors (0.000 secs)
[2017.12.29-12.25.29:781][  0]Cmd: MAP CHECKDEP NOCLEARLOG
[2017.12.29-12.25.29:810][  0]MapCheck: Map check complete: 0 Error(s), 0 Warning(s), took 28.72ms to complete.
[2017.12.29-12.25.29:810][  0]LogFileHelpers: Loading map 'RTS_test_map' took 6.905
[2017.12.29-12.25.30:394][  0]LogCollectionManager: Loaded 0 collections in 0.001020 seconds
[2017.12.29-12.25.30:571][  0]LogFileCache: Scanning file cache for directory 'E:/Salveiro/Documents/Unreal Projects/SalwaRTS/Saved/Collections/' took 0.01s
[2017.12.29-12.25.30:571][  0]LogFileCache: Scanning file cache for directory 'E:/Salveiro/Documents/Unreal Projects/SalwaRTS/Content/Developers/Salveiro/Collections/' took 0.01s
[2017.12.29-12.25.30:571][  0]LogFileCache: Scanning file cache for directory 'E:/Salveiro/Documents/Unreal Projects/SalwaRTS/Content/Collections/' took 0.01s
[2017.12.29-12.25.30:571][  0]LogCollectionManager: Rebuilt the GUID cache for 0 collections in 0.000000 seconds
[2017.12.29-12.25.30:581][  0]LogContentBrowser: Native class hierarchy populated in 0.0080 seconds. Added 2386 classes and 500 folders.
[2017.12.29-12.25.30:635][  0]LogContentBrowser: Native class hierarchy updated for 'WidgetCarousel' in 0.0009 seconds. Added 0 classes and 0 folders.
[2017.12.29-12.25.32:085][  0]LogContentBrowser: Native class hierarchy updated for 'AddContentDialog' in 0.0005 seconds. Added 0 classes and 0 folders.
[2017.12.29-12.25.32:142][  0]LogContentBrowser: Native class hierarchy updated for 'SceneOutliner' in 0.0006 seconds. Added 1 classes and 2 folders.
[2017.12.29-12.25.32:975][  0]LogContentBrowser: Native class hierarchy updated for 'HierarchicalLODOutliner' in 0.0008 seconds. Added 1 classes and 2 folders.
[2017.12.29-12.25.32:975][  0]LogLoad: (Engine Initialization) Total time: 20.55 seconds
[2017.12.29-12.25.32:975][  0]LogLoad: (Engine Initialization) Total Blueprint compile time: 0.00 seconds
[2017.12.29-12.25.32:976][  0]LogExternalProfiler: No external profilers were discovered.  External profiling features will not be available.
[2017.12.29-12.25.33:045][  0]LogContentStreaming: Texture pool size now 1000 MB
[2017.12.29-12.25.33:046][  0]LogSlate: Took 0.000166 seconds to synchronously load lazily loaded font '../../../Engine/Content/Slate/Fonts/Roboto-Regular.ttf' (155K)
[2017.12.29-12.25.33:049][  0]LogSlate: Took 0.000121 seconds to synchronously load lazily loaded font '../../../Engine/Content/Slate/Fonts/Roboto-Bold.ttf' (160K)
[2017.12.29-12.25.33:172][  0]LogSlate: Took 0.121444 seconds to synchronously load lazily loaded font '../../../Engine/Content/Editor/Slate/Fonts/FontAwesome.ttf' (139K)
[2017.12.29-12.25.33:833][  0]LogSlate: Took 0.015288 seconds to synchronously load lazily loaded font '../../../Engine/Content/Slate/Fonts/Roboto-Light.ttf' (159K)
[2017.12.29-12.25.33:981][  1]LogRenderer: Reallocating scene render targets to support 748x388 Format 10 NumSamples 1 (Frame:1).
[2017.12.29-12.25.34:063][  1]LogAssetRegistry: Asset discovery search completed in 17.5928 seconds
[2017.12.29-12.25.34:065][  1]LogCollectionManager: Rebuilt the object cache for 0 collections in 0.000001 seconds (found 0 objects)
[2017.12.29-12.25.34:065][  1]LogCollectionManager: Fixed up redirectors for 0 collections in 0.000055 seconds (updated 0 objects)
[2017.12.29-12.26.52:104][308]LogRenderer: Reallocating scene render targets to support 756x448 Format 10 NumSamples 1 (Frame:79).
[2017.12.29-12.28.06:860][205]LogSlate: Took 0.000139 seconds to synchronously load lazily loaded font '../../../Engine/Content/Slate/Fonts/Roboto-Light.ttf' (159K)
[2017.12.29-13.29.02:971][830]LogFileHelpers: Editor autosave (incl. sublevels) for '/Game/RTS_tutorial/Maps/RTS_test_map' took 0.009
[2017.12.29-13.29.03:038][830]OBJ SavePackage: Generating thumbnails for [0] asset(s) in package [/Game/EnemyFromBook/EnemyCharacter] ([1] browsable assets)...
[2017.12.29-13.29.03:038][830]OBJ SavePackage: Finished generating thumbnails for package [/Game/EnemyFromBook/EnemyCharacter]
[2017.12.29-13.29.03:090][830]LogSavePackage: Save=50.44ms
[2017.12.29-13.29.03:090][830]LogSavePackage: Moving '../../../../../../Salveiro/Documents/Unreal Projects/SalwaRTS/Saved/EnemyCharacter_Auto1A95CD39549573BBF781364BB86EBB090.tmp' to '../../../../../../Salveiro/Documents/Unreal Projects/SalwaRTS/Saved/Autosaves/Game/EnemyFromBook/EnemyCharacter_Auto1.uasset'
[2017.12.29-13.29.03:090][830]LogSavePackage: Display: Finished SavePackage ../../../../../../Salveiro/Documents/Unreal Projects/SalwaRTS/Saved/Autosaves/Game/EnemyFromBook/EnemyCharacter_Auto1.uasset
[2017.12.29-13.29.03:090][830]OBJ SavePackage: Generating thumbnails for [0] asset(s) in package [/Game/EnemyFromBook/EnemyBehavior] ([1] browsable assets)...
[2017.12.29-13.29.03:090][830]OBJ SavePackage: Finished generating thumbnails for package [/Game/EnemyFromBook/EnemyBehavior]
[2017.12.29-13.29.03:091][830]LogSavePackage: Save=0.49ms
[2017.12.29-13.29.03:091][830]LogSavePackage: Moving '../../../../../../Salveiro/Documents/Unreal Projects/SalwaRTS/Saved/EnemyBehavior_Auto12A155F284AA572CB5E4DCA96E0E8F274.tmp' to '../../../../../../Salveiro/Documents/Unreal Projects/SalwaRTS/Saved/Autosaves/Game/EnemyFromBook/EnemyBehavior_Auto1.uasset'
[2017.12.29-13.29.03:091][830]LogSavePackage: Display: Finished SavePackage ../../../../../../Salveiro/Documents/Unreal Projects/SalwaRTS/Saved/Autosaves/Game/EnemyFromBook/EnemyBehavior_Auto1.uasset
[2017.12.29-13.29.03:092][830]OBJ SavePackage: Generating thumbnails for [0] asset(s) in package [/Game/EnemyFromBook/EnemyController] ([1] browsable assets)...
[2017.12.29-13.29.03:092][830]OBJ SavePackage: Finished generating thumbnails for package [/Game/EnemyFromBook/EnemyController]
[2017.12.29-13.29.03:113][830]LogSavePackage: Save=7.06ms
[2017.12.29-13.29.03:113][830]LogSavePackage: Moving '../../../../../../Salveiro/Documents/Unreal Projects/SalwaRTS/Saved/EnemyController_Auto1A561B2F2424CB4FF012531976461C133.tmp' to '../../../../../../Salveiro/Documents/Unreal Projects/SalwaRTS/Saved/Autosaves/Game/EnemyFromBook/EnemyController_Auto1.uasset'
[2017.12.29-13.29.03:113][830]LogSavePackage: Display: Finished SavePackage ../../../../../../Salveiro/Documents/Unreal Projects/SalwaRTS/Saved/Autosaves/Game/EnemyFromBook/EnemyController_Auto1.uasset
[2017.12.29-13.29.03:113][830]LogFileHelpers: Auto-saving content packages took 0.141
[2017.12.29-13.30.10:967][879]LogContentBrowser: Native class hierarchy updated for 'BlueprintGraph' in 0.0009 seconds. Added 113 classes and 0 folders.
[2017.12.29-13.30.11:777][879]LogSlate: Took 0.000097 seconds to synchronously load lazily loaded font '../../../Engine/Content/Slate/Fonts/Roboto-Regular.ttf' (155K)
[2017.12.29-13.30.12:436][880]LogRenderer: Reallocating scene render targets to support 796x504 Format 10 NumSamples 1 (Frame:1).
[2017.12.29-13.30.13:453][980]LogRenderer: Reallocating scene render targets to support 796x508 Format 10 NumSamples 1 (Frame:91).
[2017.12.29-13.30.13:490][981]LogRenderer: Reallocating scene render targets to support 800x520 Format 10 NumSamples 1 (Frame:93).
[2017.12.29-13.38.12:775][ 51]LogSlate: Took 0.018049 seconds to synchronously load lazily loaded font '../../../Engine/Content/Editor/Slate/Fonts/Roboto-BoldCondensed.ttf' (158K)
[2017.12.29-13.38.30:563][115]LogSlate: Took 0.079308 seconds to synchronously load lazily loaded font '../../../Engine/Content/Editor/Slate/Fonts/Roboto-Italic.ttf' (157K)
[2017.12.29-13.39.27:075][738]LogSlate: Warning: Prevented a slow task dialog from being summoned while a context menu was open
[2017.12.29-13.42.02:471][119]LogFileHelpers: Editor autosave (incl. sublevels) for '/Game/RTS_tutorial/Maps/RTS_test_map' took 0.018
[2017.12.29-13.42.02:473][119]OBJ SavePackage: Generating thumbnails for [0] asset(s) in package [/Game/EnemyFromBook/EnemyCharacter] ([1] browsable assets)...
[2017.12.29-13.42.02:473][119]OBJ SavePackage: Finished generating thumbnails for package [/Game/EnemyFromBook/EnemyCharacter]
[2017.12.29-13.42.02:488][119]LogSavePackage: Save=14.25ms
[2017.12.29-13.42.02:488][119]LogSavePackage: Moving '../../../../../../Salveiro/Documents/Unreal Projects/SalwaRTS/Saved/EnemyCharacter_Auto21FBF0152418C5F711C1CFA84F4A75C3A.tmp' to '../../../../../../Salveiro/Documents/Unreal Projects/SalwaRTS/Saved/Autosaves/Game/EnemyFromBook/EnemyCharacter_Auto2.uasset'
[2017.12.29-13.42.02:489][119]LogSavePackage: Display: Finished SavePackage ../../../../../../Salveiro/Documents/Unreal Projects/SalwaRTS/Saved/Autosaves/Game/EnemyFromBook/EnemyCharacter_Auto2.uasset
[2017.12.29-13.42.02:489][119]OBJ SavePackage: Generating thumbnails for [0] asset(s) in package [/Game/EnemyFromBook/EnemyBlackboard] ([1] browsable assets)...
[2017.12.29-13.42.02:489][119]OBJ SavePackage: Finished generating thumbnails for package [/Game/EnemyFromBook/EnemyBlackboard]
[2017.12.29-13.42.02:490][119]LogSavePackage: Save=0.53ms
[2017.12.29-13.42.02:490][119]LogSavePackage: Moving '../../../../../../Salveiro/Documents/Unreal Projects/SalwaRTS/Saved/EnemyBlackboard_Auto2538AC7C54AA45A3FB1F23DAC43A0B65A.tmp' to '../../../../../../Salveiro/Documents/Unreal Projects/SalwaRTS/Saved/Autosaves/Game/EnemyFromBook/EnemyBlackboard_Auto2.uasset'
[2017.12.29-13.42.02:490][119]LogSavePackage: Display: Finished SavePackage ../../../../../../Salveiro/Documents/Unreal Projects/SalwaRTS/Saved/Autosaves/Game/EnemyFromBook/EnemyBlackboard_Auto2.uasset
[2017.12.29-13.42.02:490][119]LogFileHelpers: Auto-saving content packages took 0.018
[2017.12.29-13.42.06:002][510]LogSlate: Took 0.000161 seconds to synchronously load lazily loaded font '../../../Engine/Content/Slate/Fonts/Roboto-Light.ttf' (159K)
[2017.12.29-13.43.53:201][165]BlueprintLog: New page: Compile EnemyCharacter
[2017.12.29-13.44.34:904][ 21]LogMaterial: Warning: Material /Game/StarterContent/Materials/M_Wood_Oak.M_Wood_Oak needed to have new flag set bUsedWithSkeletalMesh !
[2017.12.29-13.44.34:906][ 21]LogMaterial: Missing cached shader map for material M_Wood_Oak, compiling. 
[2017.12.29-13.44.40:072][481]LogMaterial: Warning: Material /Game/StarterContent/Materials/M_Wood_Pine.M_Wood_Pine needed to have new flag set bUsedWithSkeletalMesh !
[2017.12.29-13.44.40:075][481]LogMaterial: Missing cached shader map for material M_Wood_Pine, compiling. 
[2017.12.29-13.44.48:358][247]LogMaterial: Warning: Material /Game/StarterContent/Materials/M_Rock_Sandstone.M_Rock_Sandstone needed to have new flag set bUsedWithSkeletalMesh !
[2017.12.29-13.44.48:360][247]LogMaterial: Missing cached shader map for material M_Rock_Sandstone, compiling. 
[2017.12.29-13.44.52:901][463]LogMaterial: Warning: Material /Game/StarterContent/Materials/M_Water_Lake.M_Water_Lake needed to have new flag set bUsedWithSkeletalMesh !
[2017.12.29-13.44.52:904][463]LogMaterial: Missing cached shader map for material M_Water_Lake, compiling. 
[2017.12.29-13.45.00:623][262]BlueprintLog: New page: Compile EnemyCharacter
[2017.12.29-13.45.01:620][339]Cmd: OBJ SAVEPACKAGE PACKAGE="/Game/EnemyFromBook/EnemyCharacter" FILE="../../../../../../Salveiro/Documents/Unreal Projects/SalwaRTS/Content/EnemyFromBook/EnemyCharacter.uasset" SILENT=true
[2017.12.29-13.45.01:656][339]LogSavePackage: Save=34.66ms
[2017.12.29-13.45.01:656][339]LogSavePackage: Moving '../../../../../../Salveiro/Documents/Unreal Projects/SalwaRTS/Saved/EnemyCharacterB6EE52CB468860D86F620997F80ABAF3.tmp' to '../../../../../../Salveiro/Documents/Unreal Projects/SalwaRTS/Content/EnemyFromBook/EnemyCharacter.uasset'
[2017.12.29-13.45.01:656][339]LogSavePackage: Display: Finished SavePackage ../../../../../../Salveiro/Documents/Unreal Projects/SalwaRTS/Content/EnemyFromBook/EnemyCharacter.uasset
[2017.12.29-13.45.32:317][982]LogEditorViewport: Clicking on Actor (LMB): Landscape (Landscape1)
[2017.12.29-13.45.40:227][883]LogEditorViewport: Clicking on Actor (LMB): EnemyCharacter_C (EnemyCharacter)
[2017.12.29-13.45.50:574][967]LogSavePackage: Save=367.91ms
[2017.12.29-13.45.50:574][967]LogSavePackage: Moving '../../../../../../Salveiro/Documents/Unreal Projects/SalwaRTS/Saved/RTS_test_map3929223943E0540402EF4F83900E7D74.tmp' to '../../../../../../Salveiro/Documents/Unreal Projects/SalwaRTS/Content/RTS_tutorial/Maps/RTS_test_map.umap'
[2017.12.29-13.45.50:575][967]LogSavePackage: Display: Finished SavePackage ../../../../../../Salveiro/Documents/Unreal Projects/SalwaRTS/Content/RTS_tutorial/Maps/RTS_test_map.umap
[2017.12.29-13.45.50:819][967]LogSavePackage: Save=178.19ms
[2017.12.29-13.45.50:819][967]LogSavePackage: Moving '../../../../../../Salveiro/Documents/Unreal Projects/SalwaRTS/Saved/RTS_test_map_BuiltData41C22AFB4E931178ABDD14861102B07E.tmp' to '../../../../../../Salveiro/Documents/Unreal Projects/SalwaRTS/Content/RTS_tutorial/Maps/RTS_test_map_BuiltData.uasset'
[2017.12.29-13.45.50:820][967]LogSavePackage: Display: Finished SavePackage ../../../../../../Salveiro/Documents/Unreal Projects/SalwaRTS/Content/RTS_tutorial/Maps/RTS_test_map_BuiltData.uasset
[2017.12.29-13.47.32:396][817]LogEditorViewport: Clicking on Actor (LMB): Landscape (Landscape1)
[2017.12.29-13.55.50:356][429]LogSavePackage: Save=368.95ms
[2017.12.29-13.55.50:356][429]LogSavePackage: Moving '../../../../../../Salveiro/Documents/Unreal Projects/SalwaRTS/Saved/RTS_test_map_Auto3E01AB73549E92E0CA89443BF333F6E0E.tmp' to '../../../../../../Salveiro/Documents/Unreal Projects/SalwaRTS/Saved/Autosaves/Game/RTS_tutorial/Maps/RTS_test_map_Auto3.umap'
[2017.12.29-13.55.50:356][429]LogSavePackage: Display: Finished SavePackage ../../../../../../Salveiro/Documents/Unreal Projects/SalwaRTS/Saved/Autosaves/Game/RTS_tutorial/Maps/RTS_test_map_Auto3.umap
[2017.12.29-13.55.50:357][429]LogFileHelpers: Editor autosave (incl. sublevels) for '/Game/RTS_tutorial/Maps/RTS_test_map' took 0.441
[2017.12.29-13.55.50:357][429]LogFileHelpers: Editor autosave (incl. sublevels) for all levels took 0.441
[2017.12.29-13.55.50:360][429]OBJ SavePackage: Generating thumbnails for [1] asset(s) in package [/Game/StarterContent/Materials/M_Wood_Oak] ([1] browsable assets)...
[2017.12.29-13.55.50:371][429]OBJ SavePackage:     Rendered thumbnail for [Material /Game/StarterContent/Materials/M_Wood_Oak.M_Wood_Oak]
[2017.12.29-13.55.50:371][429]OBJ SavePackage: Finished generating thumbnails for package [/Game/StarterContent/Materials/M_Wood_Oak]
[2017.12.29-13.55.50:395][429]LogSavePackage: Save=16.92ms
[2017.12.29-13.55.50:395][429]LogSavePackage: Moving '../../../../../../Salveiro/Documents/Unreal Projects/SalwaRTS/Saved/M_Wood_Oak_Auto33D911F52448E811AF8172DBE051988F9.tmp' to '../../../../../../Salveiro/Documents/Unreal Projects/SalwaRTS/Saved/Autosaves/Game/StarterContent/Materials/M_Wood_Oak_Auto3.uasset'
[2017.12.29-13.55.50:396][429]LogSavePackage: Display: Finished SavePackage ../../../../../../Salveiro/Documents/Unreal Projects/SalwaRTS/Saved/Autosaves/Game/StarterContent/Materials/M_Wood_Oak_Auto3.uasset
[2017.12.29-13.55.50:396][429]OBJ SavePackage: Generating thumbnails for [1] asset(s) in package [/Game/StarterContent/Materials/M_Wood_Pine] ([1] browsable assets)...
[2017.12.29-13.55.50:408][429]OBJ SavePackage:     Rendered thumbnail for [Material /Game/StarterContent/Materials/M_Wood_Pine.M_Wood_Pine]
[2017.12.29-13.55.50:408][429]OBJ SavePackage: Finished generating thumbnails for package [/Game/StarterContent/Materials/M_Wood_Pine]
[2017.12.29-13.55.50:435][429]LogSavePackage: Save=19.88ms
[2017.12.29-13.55.50:435][429]LogSavePackage: Moving '../../../../../../Salveiro/Documents/Unreal Projects/SalwaRTS/Saved/M_Wood_Pine_Auto3FD2918CF48C27F0305F563A5D4F38FE5.tmp' to '../../../../../../Salveiro/Documents/Unreal Projects/SalwaRTS/Saved/Autosaves/Game/StarterContent/Materials/M_Wood_Pine_Auto3.uasset'
[2017.12.29-13.55.50:435][429]LogSavePackage: Display: Finished SavePackage ../../../../../../Salveiro/Documents/Unreal Projects/SalwaRTS/Saved/Autosaves/Game/StarterContent/Materials/M_Wood_Pine_Auto3.uasset
[2017.12.29-13.55.50:436][429]OBJ SavePackage: Generating thumbnails for [1] asset(s) in package [/Game/StarterContent/Materials/M_Rock_Sandstone] ([1] browsable assets)...
[2017.12.29-13.55.50:447][429]OBJ SavePackage:     Rendered thumbnail for [Material /Game/StarterContent/Materials/M_Rock_Sandstone.M_Rock_Sandstone]
[2017.12.29-13.55.50:447][429]OBJ SavePackage: Finished generating thumbnails for package [/Game/StarterContent/Materials/M_Rock_Sandstone]
[2017.12.29-13.55.50:490][429]LogSavePackage: Save=35.86ms
[2017.12.29-13.55.50:490][429]LogSavePackage: Moving '../../../../../../Salveiro/Documents/Unreal Projects/SalwaRTS/Saved/M_Rock_Sandstone_Auto35DDC8AAB42345CC9E0784ABF94F9788E.tmp' to '../../../../../../Salveiro/Documents/Unreal Projects/SalwaRTS/Saved/Autosaves/Game/StarterContent/Materials/M_Rock_Sandstone_Auto3.uasset'
[2017.12.29-13.55.50:491][429]LogSavePackage: Display: Finished SavePackage ../../../../../../Salveiro/Documents/Unreal Projects/SalwaRTS/Saved/Autosaves/Game/StarterContent/Materials/M_Rock_Sandstone_Auto3.uasset
[2017.12.29-13.55.50:491][429]OBJ SavePackage: Generating thumbnails for [1] asset(s) in package [/Game/StarterContent/Materials/M_Water_Lake] ([1] browsable assets)...
[2017.12.29-13.55.50:502][429]OBJ SavePackage:     Rendered thumbnail for [Material /Game/StarterContent/Materials/M_Water_Lake.M_Water_Lake]
[2017.12.29-13.55.50:502][429]OBJ SavePackage: Finished generating thumbnails for package [/Game/StarterContent/Materials/M_Water_Lake]
[2017.12.29-13.55.50:531][429]LogSavePackage: Save=21.82ms
[2017.12.29-13.55.50:531][429]LogSavePackage: Moving '../../../../../../Salveiro/Documents/Unreal Projects/SalwaRTS/Saved/M_Water_Lake_Auto3CC5001E44344565DE1F376909A3B12CF.tmp' to '../../../../../../Salveiro/Documents/Unreal Projects/SalwaRTS/Saved/Autosaves/Game/StarterContent/Materials/M_Water_Lake_Auto3.uasset'
[2017.12.29-13.55.50:531][429]LogSavePackage: Display: Finished SavePackage ../../../../../../Salveiro/Documents/Unreal Projects/SalwaRTS/Saved/Autosaves/Game/StarterContent/Materials/M_Water_Lake_Auto3.uasset
[2017.12.29-13.55.50:531][429]LogFileHelpers: Auto-saving content packages took 0.172
[2017.12.29-14.32.36:306][919]Cmd: TRANSACTION UNDO
[2017.12.29-14.32.36:306][919]LogEditorTransaction: Undo Rename Folder
[2017.12.29-14.32.36:834][963]Cmd: TRANSACTION UNDO
[2017.12.29-14.32.36:834][963]LogEditorTransaction: Undo Create Folder
[2017.12.29-14.33.48:596][523]Cmd: DUPLICATE
[2017.12.29-14.33.48:596][523]Cmd: ACTOR DUPLICATE
[2017.12.29-14.34.09:923][ 39]LogEditorViewport: Clicking on Actor (LMB): TargetPoint (PatrolPoint1)
[2017.12.29-14.34.15:259][654]LogEditorViewport: Clicking on Actor (LMB): Landscape (Landscape1)
[2017.12.29-14.34.57:316][618]LogTemp: Repeating last play command: New Editor Window (PIE)
[2017.12.29-14.34.57:419][618]LogBlueprintUserMessages: Early PlayInEditor Detection: Level '/Game/RTS_tutorial/Maps/RTS_test_map.RTS_test_map:PersistentLevel' has LevelScriptBlueprint '/Game/RTS_tutorial/Maps/RTS_test_map.RTS_test_map:PersistentLevel.RTS_test_map' with GeneratedClass '/Game/RTS_tutorial/Maps/RTS_test_map.RTS_test_map_C' with ClassGeneratedBy '/Game/RTS_tutorial/Maps/RTS_test_map.RTS_test_map:PersistentLevel.RTS_test_map'
[2017.12.29-14.34.57:420][618]LogPlayLevel: PlayLevel: No blueprints needed recompiling
[2017.12.29-14.34.57:449][618]PIE: New page: PIE session: RTS_test_map (Dec 29, 2017, 4:34:57 PM)
[2017.12.29-14.34.57:449][618]LogPlayLevel: Creating play world package: /Game/RTS_tutorial/Maps/UEDPIE_0_RTS_test_map
[2017.12.29-14.34.57:464][618]LogPlayLevel: PIE: StaticDuplicateObject took: (0.014908s)
[2017.12.29-14.34.57:464][618]LogAIModule: Creating AISystem for world RTS_test_map
[2017.12.29-14.34.57:465][618]LogPlayLevel: PIE: World Init took: (0.000724s)
[2017.12.29-14.34.57:465][618]LogPlayLevel: PIE: Created PIE world by copying editor world from /Game/RTS_tutorial/Maps/RTS_test_map.RTS_test_map to /Game/RTS_tutorial/Maps/UEDPIE_0_RTS_test_map.RTS_test_map (0.015905s)
[2017.12.29-14.34.57:485][618]LogInit: XAudio2 using 'Speakers (High Definition Audio Device)' : 2 channels at 44.1 kHz using 16 bits per sample (channel mask 0x3)
[2017.12.29-14.34.57:491][618]LogInit: FAudioDevice initialized.
[2017.12.29-14.34.57:538][618]LogLoad: Game class is 'MyGameMode_C'
[2017.12.29-14.34.57:545][618]LogWorld: Bringing World /Game/RTS_tutorial/Maps/UEDPIE_0_RTS_test_map.RTS_test_map up for play (max tick rate 0) at 2017.12.29-15.34.57
[2017.12.29-14.34.57:547][618]LogWorld: Bringing up level for play took: 0.007496
[2017.12.29-14.34.57:579][618]LogContentBrowser: Native class hierarchy updated for 'MovieSceneCapture' in 0.0007 seconds. Added 11 classes and 0 folders.
[2017.12.29-14.34.57:586][618]PIE: Play in editor start time for /Game/RTS_tutorial/Maps/UEDPIE_0_RTS_test_map 0.534
[2017.12.29-14.34.57:587][618]LogBlueprintUserMessages: Late PlayInEditor Detection: Level '/Game/RTS_tutorial/Maps/RTS_test_map.RTS_test_map:PersistentLevel' has LevelScriptBlueprint '/Game/RTS_tutorial/Maps/RTS_test_map.RTS_test_map:PersistentLevel.RTS_test_map' with GeneratedClass '/Game/RTS_tutorial/Maps/RTS_test_map.RTS_test_map_C' with ClassGeneratedBy '/Game/RTS_tutorial/Maps/RTS_test_map.RTS_test_map:PersistentLevel.RTS_test_map'
[2017.12.29-14.34.57:614][618]LogRenderer: Reallocating scene render targets to support 1292x756 Format 10 NumSamples 1 (Frame:1).
[2017.12.29-14.35.15:381][731]LogBlueprintUserMessages: Early EndPlayMap Detection: Level '/Game/RTS_tutorial/Maps/RTS_test_map.RTS_test_map:PersistentLevel' has LevelScriptBlueprint '/Game/RTS_tutorial/Maps/RTS_test_map.RTS_test_map:PersistentLevel.RTS_test_map' with GeneratedClass '/Game/RTS_tutorial/Maps/RTS_test_map.RTS_test_map_C' with ClassGeneratedBy '/Game/RTS_tutorial/Maps/RTS_test_map.RTS_test_map:PersistentLevel.RTS_test_map'
[2017.12.29-14.35.15:439][731]LogBlueprintUserMessages: Late EndPlayMap Detection: Level '/Game/RTS_tutorial/Maps/RTS_test_map.RTS_test_map:PersistentLevel' has LevelScriptBlueprint '/Game/RTS_tutorial/Maps/RTS_test_map.RTS_test_map:PersistentLevel.RTS_test_map' with GeneratedClass '/Game/RTS_tutorial/Maps/RTS_test_map.RTS_test_map_C' with ClassGeneratedBy '/Game/RTS_tutorial/Maps/RTS_test_map.RTS_test_map:PersistentLevel.RTS_test_map'
[2017.12.29-14.35.46:813][415]LogSavePackage: Save=421.81ms
[2017.12.29-14.35.46:813][415]LogSavePackage: Moving '../../../../../../Salveiro/Documents/Unreal Projects/SalwaRTS/Saved/RTS_test_map_Auto483847A224A0CDB8E57721EBD52E43FCD.tmp' to '../../../../../../Salveiro/Documents/Unreal Projects/SalwaRTS/Saved/Autosaves/Game/RTS_tutorial/Maps/RTS_test_map_Auto4.umap'
[2017.12.29-14.35.46:813][415]LogSavePackage: Display: Finished SavePackage ../../../../../../Salveiro/Documents/Unreal Projects/SalwaRTS/Saved/Autosaves/Game/RTS_tutorial/Maps/RTS_test_map_Auto4.umap
[2017.12.29-14.35.46:814][415]LogFileHelpers: Editor autosave (incl. sublevels) for '/Game/RTS_tutorial/Maps/RTS_test_map' took 0.450
[2017.12.29-14.35.46:814][415]LogFileHelpers: Editor autosave (incl. sublevels) for all levels took 0.450
[2017.12.29-14.36.03:643][422]LogSlate: Warning: Prevented a slow task dialog from being summoned while a context menu was open
[2017.12.29-14.45.47:329][788]LogFileHelpers: Editor autosave (incl. sublevels) for '/Game/RTS_tutorial/Maps/RTS_test_map' took 0.021
[2017.12.29-14.45.47:330][788]OBJ SavePackage: Generating thumbnails for [0] asset(s) in package [/Game/EnemyFromBook/EnemyBlackboard] ([1] browsable assets)...
[2017.12.29-14.45.47:330][788]OBJ SavePackage: Finished generating thumbnails for package [/Game/EnemyFromBook/EnemyBlackboard]
[2017.12.29-14.45.47:331][788]LogSavePackage: Save=0.86ms
[2017.12.29-14.45.47:331][788]LogSavePackage: Moving '../../../../../../Salveiro/Documents/Unreal Projects/SalwaRTS/Saved/EnemyBlackboard_Auto5836F42E046BADE31A5DC76AC0A268AC8.tmp' to '../../../../../../Salveiro/Documents/Unreal Projects/SalwaRTS/Saved/Autosaves/Game/EnemyFromBook/EnemyBlackboard_Auto5.uasset'
[2017.12.29-14.45.47:332][788]LogSavePackage: Display: Finished SavePackage ../../../../../../Salveiro/Documents/Unreal Projects/SalwaRTS/Saved/Autosaves/Game/EnemyFromBook/EnemyBlackboard_Auto5.uasset
[2017.12.29-14.45.47:332][788]LogFileHelpers: Auto-saving content packages took 0.003
[2017.12.29-14.49.58:794][971]Cmd: OBJ SAVEPACKAGE PACKAGE="/Game/EnemyFromBook/EnemyCharacter" FILE="../../../../../../Salveiro/Documents/Unreal Projects/SalwaRTS/Content/EnemyFromBook/EnemyCharacter.uasset" SILENT=true
[2017.12.29-14.49.58:824][971]LogSavePackage: Save=22.10ms
[2017.12.29-14.49.58:824][971]LogSavePackage: Moving '../../../../../../Salveiro/Documents/Unreal Projects/SalwaRTS/Saved/EnemyCharacter70ABCCED4873C81209942BAAE88C37C5.tmp' to '../../../../../../Salveiro/Documents/Unreal Projects/SalwaRTS/Content/EnemyFromBook/EnemyCharacter.uasset'
[2017.12.29-14.49.58:824][971]LogSavePackage: Display: Finished SavePackage ../../../../../../Salveiro/Documents/Unreal Projects/SalwaRTS/Content/EnemyFromBook/EnemyCharacter.uasset
[2017.12.29-14.52.26:381][355]LogTabManager: Warning: Cannot spawn tab because no spawner is registered for 'MyBlueprint'
[2017.12.29-14.52.52:907][459]LogSlate: Took 0.018107 seconds to synchronously load lazily loaded font '../../../Engine/Content/Editor/Slate/Fonts/Roboto-BoldCondensedItalic.ttf' (160K)
[2017.12.29-14.53.12:710][770]BlueprintLog: New page: Compile EnemyCharacter
[2017.12.29-14.53.33:552][911]LogTabManager: Warning: Cannot spawn tab because no spawner is registered for 'FindResults'
[2017.12.29-14.53.34:889][ 67]BlueprintLog: New page: Compile EnemyCharacter
[2017.12.29-14.53.44:961][214]BlueprintLog: New page: Compile EnemyCharacter
[2017.12.29-14.55.52:099][329]BlueprintLog: New page: Compile EnemyCharacter
[2017.12.29-14.56.18:887][437]LogSavePackage: Save=401.27ms
[2017.12.29-14.56.18:887][437]LogSavePackage: Moving '../../../../../../Salveiro/Documents/Unreal Projects/SalwaRTS/Saved/RTS_test_map_Auto6ED8C704347206F1498BB53B9118604A8.tmp' to '../../../../../../Salveiro/Documents/Unreal Projects/SalwaRTS/Saved/Autosaves/Game/RTS_tutorial/Maps/RTS_test_map_Auto6.umap'
[2017.12.29-14.56.18:887][437]LogSavePackage: Display: Finished SavePackage ../../../../../../Salveiro/Documents/Unreal Projects/SalwaRTS/Saved/Autosaves/Game/RTS_tutorial/Maps/RTS_test_map_Auto6.umap
[2017.12.29-14.56.18:888][437]LogFileHelpers: Editor autosave (incl. sublevels) for '/Game/RTS_tutorial/Maps/RTS_test_map' took 0.431
[2017.12.29-14.56.18:888][437]LogFileHelpers: Editor autosave (incl. sublevels) for all levels took 0.431
[2017.12.29-14.56.18:890][437]OBJ SavePackage: Generating thumbnails for [1] asset(s) in package [/Game/EnemyFromBook/EnemyCharacter] ([1] browsable assets)...
[2017.12.29-14.56.18:914][437]OBJ SavePackage:     Rendered thumbnail for [Blueprint /Game/EnemyFromBook/EnemyCharacter.EnemyCharacter]
[2017.12.29-14.56.18:914][437]OBJ SavePackage: Finished generating thumbnails for package [/Game/EnemyFromBook/EnemyCharacter]
[2017.12.29-14.56.18:948][437]LogSavePackage: Save=26.93ms
[2017.12.29-14.56.18:948][437]LogSavePackage: Moving '../../../../../../Salveiro/Documents/Unreal Projects/SalwaRTS/Saved/EnemyCharacter_Auto68BCCE3EC41BE8FB3C71A4EA696B72FDE.tmp' to '../../../../../../Salveiro/Documents/Unreal Projects/SalwaRTS/Saved/Autosaves/Game/EnemyFromBook/EnemyCharacter_Auto6.uasset'
[2017.12.29-14.56.18:948][437]LogSavePackage: Display: Finished SavePackage ../../../../../../Salveiro/Documents/Unreal Projects/SalwaRTS/Saved/Autosaves/Game/EnemyFromBook/EnemyCharacter_Auto6.uasset
[2017.12.29-14.56.18:948][437]LogFileHelpers: Auto-saving content packages took 0.059
[2017.12.29-15.06.19:253][387]LogSavePackage: Save=373.07ms
[2017.12.29-15.06.19:253][387]LogSavePackage: Moving '../../../../../../Salveiro/Documents/Unreal Projects/SalwaRTS/Saved/RTS_test_map_Auto7F37862564145ADC3CE2B52815B27FDE3.tmp' to '../../../../../../Salveiro/Documents/Unreal Projects/SalwaRTS/Saved/Autosaves/Game/RTS_tutorial/Maps/RTS_test_map_Auto7.umap'
[2017.12.29-15.06.19:253][387]LogSavePackage: Display: Finished SavePackage ../../../../../../Salveiro/Documents/Unreal Projects/SalwaRTS/Saved/Autosaves/Game/RTS_tutorial/Maps/RTS_test_map_Auto7.umap
[2017.12.29-15.06.19:254][387]LogFileHelpers: Editor autosave (incl. sublevels) for '/Game/RTS_tutorial/Maps/RTS_test_map' took 0.436
[2017.12.29-15.06.19:254][387]LogFileHelpers: Editor autosave (incl. sublevels) for all levels took 0.436
[2017.12.29-15.06.19:256][387]OBJ SavePackage: Generating thumbnails for [1] asset(s) in package [/Game/EnemyFromBook/EnemyCharacter] ([1] browsable assets)...
[2017.12.29-15.06.19:280][387]OBJ SavePackage:     Rendered thumbnail for [Blueprint /Game/EnemyFromBook/EnemyCharacter.EnemyCharacter]
[2017.12.29-15.06.19:280][387]OBJ SavePackage: Finished generating thumbnails for package [/Game/EnemyFromBook/EnemyCharacter]
[2017.12.29-15.06.19:315][387]LogSavePackage: Save=28.00ms
[2017.12.29-15.06.19:315][387]LogSavePackage: Moving '../../../../../../Salveiro/Documents/Unreal Projects/SalwaRTS/Saved/EnemyCharacter_Auto7DA5414D143886414F0B529A325A59B80.tmp' to '../../../../../../Salveiro/Documents/Unreal Projects/SalwaRTS/Saved/Autosaves/Game/EnemyFromBook/EnemyCharacter_Auto7.uasset'
[2017.12.29-15.06.19:316][387]LogSavePackage: Display: Finished SavePackage ../../../../../../Salveiro/Documents/Unreal Projects/SalwaRTS/Saved/Autosaves/Game/EnemyFromBook/EnemyCharacter_Auto7.uasset
[2017.12.29-15.06.19:316][387]LogFileHelpers: Auto-saving content packages took 0.060
[2017.12.29-15.16.16:391][ 32]BlueprintLog: New page: Compile EnemyCharacter
[2017.12.29-15.16.47:100][782]LogSavePackage: Save=398.36ms
[2017.12.29-15.16.47:100][782]LogSavePackage: Moving '../../../../../../Salveiro/Documents/Unreal Projects/SalwaRTS/Saved/RTS_test_map_Auto81D3A74AD4764E51402E9F4A57414F388.tmp' to '../../../../../../Salveiro/Documents/Unreal Projects/SalwaRTS/Saved/Autosaves/Game/RTS_tutorial/Maps/RTS_test_map_Auto8.umap'
[2017.12.29-15.16.47:117][782]LogSavePackage: Display: Finished SavePackage ../../../../../../Salveiro/Documents/Unreal Projects/SalwaRTS/Saved/Autosaves/Game/RTS_tutorial/Maps/RTS_test_map_Auto8.umap
[2017.12.29-15.16.47:117][782]LogFileHelpers: Editor autosave (incl. sublevels) for '/Game/RTS_tutorial/Maps/RTS_test_map' took 0.442
[2017.12.29-15.16.47:118][782]LogFileHelpers: Editor autosave (incl. sublevels) for all levels took 0.442
[2017.12.29-15.16.47:120][782]OBJ SavePackage: Generating thumbnails for [1] asset(s) in package [/Game/EnemyFromBook/EnemyCharacter] ([1] browsable assets)...
[2017.12.29-15.16.47:145][782]OBJ SavePackage:     Rendered thumbnail for [Blueprint /Game/EnemyFromBook/EnemyCharacter.EnemyCharacter]
[2017.12.29-15.16.47:145][782]OBJ SavePackage: Finished generating thumbnails for package [/Game/EnemyFromBook/EnemyCharacter]
[2017.12.29-15.16.47:179][782]LogSavePackage: Save=27.56ms
[2017.12.29-15.16.47:180][782]LogSavePackage: Moving '../../../../../../Salveiro/Documents/Unreal Projects/SalwaRTS/Saved/EnemyCharacter_Auto804523BE94E04304749F82293B20A2796.tmp' to '../../../../../../Salveiro/Documents/Unreal Projects/SalwaRTS/Saved/Autosaves/Game/EnemyFromBook/EnemyCharacter_Auto8.uasset'
[2017.12.29-15.16.47:180][782]LogSavePackage: Display: Finished SavePackage ../../../../../../Salveiro/Documents/Unreal Projects/SalwaRTS/Saved/Autosaves/Game/EnemyFromBook/EnemyCharacter_Auto8.uasset
[2017.12.29-15.16.47:180][782]LogFileHelpers: Auto-saving content packages took 0.061
[2017.12.29-22.06.41:862][275]LogD3D11RHI: Timed out while waiting for GPU to catch up. (500 ms)
[2017.12.30-00.59.31:576][430]LogD3D11RHI: Timed out while waiting for GPU to catch up. (0.5 s)
[2017.12.30-01.01.20:689][130]Cmd: OBJ SAVEPACKAGE PACKAGE="/Game/EnemyFromBook/EnemyBehavior" FILE="../../../../../../Salveiro/Documents/Unreal Projects/SalwaRTS/Content/EnemyFromBook/EnemyBehavior.uasset" SILENT=true
[2017.12.30-01.01.20:694][130]LogSavePackage: Save=4.32ms
[2017.12.30-01.01.20:694][130]LogSavePackage: Moving '../../../../../../Salveiro/Documents/Unreal Projects/SalwaRTS/Saved/EnemyBehavior3246E9CA44C35C1C12A53995742EB9DB.tmp' to '../../../../../../Salveiro/Documents/Unreal Projects/SalwaRTS/Content/EnemyFromBook/EnemyBehavior.uasset'
[2017.12.30-01.01.20:704][130]LogSavePackage: Display: Finished SavePackage ../../../../../../Salveiro/Documents/Unreal Projects/SalwaRTS/Content/EnemyFromBook/EnemyBehavior.uasset
[2017.12.30-01.01.20:711][130]Cmd: OBJ SAVEPACKAGE PACKAGE="/Game/EnemyFromBook/EnemyBlackboard" FILE="../../../../../../Salveiro/Documents/Unreal Projects/SalwaRTS/Content/EnemyFromBook/EnemyBlackboard.uasset" SILENT=true
[2017.12.30-01.01.20:712][130]LogSavePackage: Save=0.71ms
[2017.12.30-01.01.20:712][130]LogSavePackage: Moving '../../../../../../Salveiro/Documents/Unreal Projects/SalwaRTS/Saved/EnemyBlackboard9073114D4F015A84751D3E89F8EFE8DD.tmp' to '../../../../../../Salveiro/Documents/Unreal Projects/SalwaRTS/Content/EnemyFromBook/EnemyBlackboard.uasset'
[2017.12.30-01.01.20:713][130]LogSavePackage: Display: Finished SavePackage ../../../../../../Salveiro/Documents/Unreal Projects/SalwaRTS/Content/EnemyFromBook/EnemyBlackboard.uasset
[2017.12.30-01.01.20:715][130]Cmd: OBJ SAVEPACKAGE PACKAGE="/Game/EnemyFromBook/EnemyCharacter" FILE="../../../../../../Salveiro/Documents/Unreal Projects/SalwaRTS/Content/EnemyFromBook/EnemyCharacter.uasset" SILENT=true
[2017.12.30-01.01.20:792][130]LogSavePackage: Save=38.53ms
[2017.12.30-01.01.20:792][130]LogSavePackage: Moving '../../../../../../Salveiro/Documents/Unreal Projects/SalwaRTS/Saved/EnemyCharacterA103D816425068FBDFE9CC930138E668.tmp' to '../../../../../../Salveiro/Documents/Unreal Projects/SalwaRTS/Content/EnemyFromBook/EnemyCharacter.uasset'
[2017.12.30-01.01.20:808][130]LogSavePackage: Display: Finished SavePackage ../../../../../../Salveiro/Documents/Unreal Projects/SalwaRTS/Content/EnemyFromBook/EnemyCharacter.uasset
[2017.12.30-01.01.20:822][130]Cmd: OBJ SAVEPACKAGE PACKAGE="/Game/EnemyFromBook/EnemyController" FILE="../../../../../../Salveiro/Documents/Unreal Projects/SalwaRTS/Content/EnemyFromBook/EnemyController.uasset" SILENT=true
[2017.12.30-01.01.20:831][130]LogSavePackage: Save=8.34ms
[2017.12.30-01.01.20:831][130]LogSavePackage: Moving '../../../../../../Salveiro/Documents/Unreal Projects/SalwaRTS/Saved/EnemyControllerED2040704E0EBF19D0F0969F133486B5.tmp' to '../../../../../../Salveiro/Documents/Unreal Projects/SalwaRTS/Content/EnemyFromBook/EnemyController.uasset'
[2017.12.30-01.01.20:831][130]LogSavePackage: Display: Finished SavePackage ../../../../../../Salveiro/Documents/Unreal Projects/SalwaRTS/Content/EnemyFromBook/EnemyController.uasset
[2017.12.30-01.01.26:997][130]LogSavePackage: Save=1164.34ms
[2017.12.30-01.01.26:997][130]LogSavePackage: Moving '../../../../../../Salveiro/Documents/Unreal Projects/SalwaRTS/Saved/RTS_test_mapF21A68C04A7C00FF76F08AAA7A19E694.tmp' to '../../../../../../Salveiro/Documents/Unreal Projects/SalwaRTS/Content/RTS_tutorial/Maps/RTS_test_map.umap'
[2017.12.30-01.01.27:082][130]LogSavePackage: Display: Finished SavePackage ../../../../../../Salveiro/Documents/Unreal Projects/SalwaRTS/Content/RTS_tutorial/Maps/RTS_test_map.umap
[2017.12.30-01.01.27:381][130]LogFileHelpers: Saving map 'RTS_test_map' took 6.542
[2017.12.30-01.01.27:922][130]LogSavePackage: Save=436.61ms
[2017.12.30-01.01.27:922][130]LogSavePackage: Moving '../../../../../../Salveiro/Documents/Unreal Projects/SalwaRTS/Saved/M_Rock_SandstoneA041DA5941771D0DC8FBDAB751D068DF.tmp' to '../../../../../../Salveiro/Documents/Unreal Projects/SalwaRTS/Content/StarterContent/Materials/M_Rock_Sandstone.uasset'
[2017.12.30-01.01.27:936][130]LogSavePackage: Display: Finished SavePackage ../../../../../../Salveiro/Documents/Unreal Projects/SalwaRTS/Content/StarterContent/Materials/M_Rock_Sandstone.uasset
[2017.12.30-01.01.28:003][130]LogSavePackage: Save=49.58ms
[2017.12.30-01.01.28:003][130]LogSavePackage: Moving '../../../../../../Salveiro/Documents/Unreal Projects/SalwaRTS/Saved/M_Water_LakeFB0C916E4DB9E85525719EB371CAF96A.tmp' to '../../../../../../Salveiro/Documents/Unreal Projects/SalwaRTS/Content/StarterContent/Materials/M_Water_Lake.uasset'
[2017.12.30-01.01.28:015][130]LogSavePackage: Display: Finished SavePackage ../../../../../../Salveiro/Documents/Unreal Projects/SalwaRTS/Content/StarterContent/Materials/M_Water_Lake.uasset
[2017.12.30-01.01.28:018][130]Cmd: OBJ SAVEPACKAGE PACKAGE="/Game/StarterContent/Materials/M_Wood_Oak" FILE="../../../../../../Salveiro/Documents/Unreal Projects/SalwaRTS/Content/StarterContent/Materials/M_Wood_Oak.uasset" SILENT=true
[2017.12.30-01.01.28:054][130]LogSavePackage: Save=12.70ms
[2017.12.30-01.01.28:054][130]LogSavePackage: Moving '../../../../../../Salveiro/Documents/Unreal Projects/SalwaRTS/Saved/M_Wood_Oak335B56DF4E160D3744391286A1508DF4.tmp' to '../../../../../../Salveiro/Documents/Unreal Projects/SalwaRTS/Content/StarterContent/Materials/M_Wood_Oak.uasset'
[2017.12.30-01.01.28:055][130]LogSavePackage: Display: Finished SavePackage ../../../../../../Salveiro/Documents/Unreal Projects/SalwaRTS/Content/StarterContent/Materials/M_Wood_Oak.uasset
[2017.12.30-01.01.28:096][130]LogSavePackage: Save=30.95ms
[2017.12.30-01.01.28:096][130]LogSavePackage: Moving '../../../../../../Salveiro/Documents/Unreal Projects/SalwaRTS/Saved/M_Wood_PineFB25991F47B95A4DAC19CA9CB2643489.tmp' to '../../../../../../Salveiro/Documents/Unreal Projects/SalwaRTS/Content/StarterContent/Materials/M_Wood_Pine.uasset'
[2017.12.30-01.01.28:111][130]LogSavePackage: Display: Finished SavePackage ../../../../../../Salveiro/Documents/Unreal Projects/SalwaRTS/Content/StarterContent/Materials/M_Wood_Pine.uasset
[2017.12.30-01.01.28:860][130]LogActorComponent: UnregisterComponent: (/Engine/Transient.EditorFloorComp) Not registered. Aborting.
[2017.12.30-01.01.30:930][130]LogActorComponent: UnregisterComponent: (/Engine/Transient.EditorFloorComp) Not registered. Aborting.
[2017.12.30-01.01.34:003][131]Cmd: QUIT_EDITOR
[2017.12.30-01.01.34:792][131]LogExit: Preparing to exit.
[2017.12.30-01.01.36:378][131]LogDirectoryWatcher: A directory notification for 'E:/Salveiro/Documents/Unreal Projects/SalwaRTS/Content/' was aborted.
[2017.12.30-01.01.38:003][131]LogExit: Editor shut down
[2017.12.30-01.01.38:769][131]LogExit: Transaction tracking system shut down
[2017.12.30-01.01.39:309][131]LogDirectoryWatcher: A directory notification for '../../../Engine/Content/' was aborted.
[2017.12.30-01.01.39:309][131]LogDirectoryWatcher: A directory notification for '../../../../../../Salveiro/Documents/Unreal Projects/SalwaRTS/Content/' was aborted.
[2017.12.30-01.01.39:309][131]LogDirectoryWatcher: A directory notification for '../../../Engine/Plugins/2D/Paper2D/Content/' was aborted.
[2017.12.30-01.01.39:309][131]LogDirectoryWatcher: A directory notification for '../../../Engine/Plugins/Runtime/Oculus/OculusVR/Content/' was aborted.
[2017.12.30-01.01.39:310][131]LogDirectoryWatcher: A directory notification for '../../../Engine/Plugins/Runtime/Steam/SteamVR/Content/' was aborted.
[2017.12.30-01.01.41:224][131]LogExit: Object subsystem successfully closed.
[2017.12.30-01.01.41:690][131]LogD3D11RHI: Shutdown
[2017.12.30-01.01.41:691][131]LogD3D11RHI: CleanupD3DDevice
