Log file open, 02/07/18 15:23:15
LogWindows: Failed to load 'aqProf.dll' (GetLastError=126)
LogWindows: File 'aqProf.dll' does not exist
LogWindows: Failed to load 'VSPerf140.dll' (GetLastError=126)
LogWindows: File 'VSPerf140.dll' does not exist
LogWindows: Failed to load 'VtuneApi.dll' (GetLastError=126)
LogWindows: File 'VtuneApi.dll' does not exist
LogWindows: Failed to load 'VtuneApi32e.dll' (GetLastError=126)
LogWindows: File 'VtuneApi32e.dll' does not exist
LogInit: Display: Running engine for game: SalwaRTS
LogPlatformFile: Not using cached read wrapper
LogInit: Display: RandInit(2128046598) SRandInit(2128046598).
LogInit: Read version file with build ID '3709383'
LogInit: Overriding engine version to CL 3832480, compatible CL 3709383
LogInit: Registered custom module enumerator with build ID '3709383'
LogTaskGraph: Started task graph with 5 named threads and 14 total threads with 3 sets of task threads.
LogStats: Stats thread started at 0.220818
LogD3D11RHI: Aftermath initialized
LogModuleManager: Display: Found up-to-date module file ../../../Engine/Plugins/2D/Paper2D/Binaries/Win64/UE4Editor-Paper2D.dll (API version 3709383).
LogModuleManager: Display: Found up-to-date module file ../../../Engine/Plugins/2D/Paper2D/Binaries/Win64/UE4Editor-Paper2DEditor.dll (API version 3709383).
LogModuleManager: Display: Found up-to-date module file ../../../Engine/Plugins/2D/Paper2D/Binaries/Win64/UE4Editor-PaperSpriteSheetImporter.dll (API version 3709383).
LogModuleManager: Display: Found up-to-date module file ../../../Engine/Plugins/2D/Paper2D/Binaries/Win64/UE4Editor-PaperTiledImporter.dll (API version 3709383).
LogModuleManager: Display: Found up-to-date module file ../../../Engine/Plugins/2D/Paper2D/Binaries/Win64/UE4Editor-SmartSnapping.dll (API version 3709383).
LogModuleManager: Display: Found up-to-date module file ../../../Engine/Plugins/Blendables/LightPropagationVolume/Binaries/Win64/UE4Editor-LightPropagationVolumeRuntime.dll (API version 3709383).
LogModuleManager: Display: Found up-to-date module file ../../../Engine/Plugins/Blendables/LightPropagationVolume/Binaries/Win64/UE4Editor-LightPropagationVolumeEditor.dll (API version 3709383).
LogModuleManager: Display: Found up-to-date module file ../../../Engine/Plugins/Developer/GitSourceControl/Binaries/Win64/UE4Editor-GitSourceControl.dll (API version 3709383).
LogModuleManager: Display: Found up-to-date module file ../../../Engine/Plugins/Developer/PerforceSourceControl/Binaries/Win64/UE4Editor-PerforceSourceControl.dll (API version 3709383).
LogModuleManager: Display: Found up-to-date module file ../../../Engine/Plugins/Developer/SubversionSourceControl/Binaries/Win64/UE4Editor-SubversionSourceControl.dll (API version 3709383).
LogModuleManager: Display: Found up-to-date module file ../../../Engine/Plugins/Developer/UObjectPlugin/Binaries/Win64/UE4Editor-UObjectPlugin.dll (API version 3709383).
LogModuleManager: Display: Found up-to-date module file ../../../Engine/Plugins/Developer/VisualStudioCodeSourceCodeAccess/Binaries/Win64/UE4Editor-VisualStudioCodeSourceCodeAccess.dll (API version 3709383).
LogModuleManager: Display: Found up-to-date module file ../../../Engine/Plugins/Developer/VisualStudioSourceCodeAccess/Binaries/Win64/UE4Editor-VisualStudioSourceCodeAccess.dll (API version 3709383).
LogModuleManager: Display: Found up-to-date module file ../../../Engine/Plugins/Editor/AssetManagerEditor/Binaries/Win64/UE4Editor-AssetManagerEditor.dll (API version 3709383).
LogModuleManager: Display: Found up-to-date module file ../../../Engine/Plugins/Editor/AudioCapture/Binaries/Win64/UE4Editor-AudioCapture.dll (API version 3709383).
LogModuleManager: Display: Found up-to-date module file ../../../Engine/Plugins/Editor/FacialAnimation/Binaries/Win64/UE4Editor-FacialAnimation.dll (API version 3709383).
LogModuleManager: Display: Found up-to-date module file ../../../Engine/Plugins/Editor/FacialAnimation/Binaries/Win64/UE4Editor-FacialAnimationEditor.dll (API version 3709383).
LogModuleManager: Display: Found up-to-date module file ../../../Engine/Plugins/Editor/GameplayTagsEditor/Binaries/Win64/UE4Editor-GameplayTagsEditor.dll (API version 3709383).
LogModuleManager: Display: Found up-to-date module file ../../../Engine/Plugins/Editor/MobileLauncherProfileWizard/Binaries/Win64/UE4Editor-MobileLauncherProfileWizard.dll (API version 3709383).
LogModuleManager: Display: Found up-to-date module file ../../../Engine/Plugins/Editor/PluginBrowser/Binaries/Win64/UE4Editor-PluginBrowser.dll (API version 3709383).
LogModuleManager: Display: Found up-to-date module file ../../../Engine/Plugins/Editor/SpeedTreeImporter/Binaries/Win64/UE4Editor-SpeedTreeImporter.dll (API version 3709383).
LogModuleManager: Display: Found up-to-date module file ../../../Engine/Plugins/Experimental/AlembicImporter/Binaries/Win64/UE4Editor-AlembicImporter.dll (API version 3709383).
LogModuleManager: Display: Found up-to-date module file ../../../Engine/Plugins/Experimental/AlembicImporter/Binaries/Win64/UE4Editor-AlembicLibrary.dll (API version 3709383).
LogModuleManager: Display: Found up-to-date module file ../../../Engine/Plugins/Experimental/CharacterAI/Binaries/Win64/UE4Editor-CharacterAI.dll (API version 3709383).
LogModuleManager: Display: Found up-to-date module file ../../../Engine/Plugins/Experimental/HTML5Networking/Binaries/Win64/UE4Editor-HTML5Networking.dll (API version 3709383).
LogModuleManager: Display: Found up-to-date module file ../../../Engine/Plugins/Media/AndroidMedia/Binaries/Win64/UE4Editor-AndroidMediaEditor.dll (API version 3709383).
LogModuleManager: Display: Found up-to-date module file ../../../Engine/Plugins/Media/AndroidMedia/Binaries/Win64/UE4Editor-AndroidMediaFactory.dll (API version 3709383).
LogModuleManager: Display: Found up-to-date module file ../../../Engine/Plugins/Media/AvfMedia/Binaries/Win64/UE4Editor-AvfMediaEditor.dll (API version 3709383).
LogModuleManager: Display: Found up-to-date module file ../../../Engine/Plugins/Media/AvfMedia/Binaries/Win64/UE4Editor-AvfMediaFactory.dll (API version 3709383).
LogModuleManager: Display: Found up-to-date module file ../../../Engine/Plugins/Media/AvfMedia/Binaries/Win64/UE4Editor-AvfMediaFactory.dll (API version 3709383).
LogModuleManager: Display: Found up-to-date module file ../../../Engine/Plugins/Media/ImgMedia/Binaries/Win64/UE4Editor-ImgMedia.dll (API version 3709383).
LogModuleManager: Display: Found up-to-date module file ../../../Engine/Plugins/Media/ImgMedia/Binaries/Win64/UE4Editor-ImgMediaEditor.dll (API version 3709383).
LogModuleManager: Display: Found up-to-date module file ../../../Engine/Plugins/Media/ImgMedia/Binaries/Win64/UE4Editor-ImgMediaFactory.dll (API version 3709383).
LogModuleManager: Display: Found up-to-date module file ../../../Engine/Plugins/Media/ImgMedia/Binaries/Win64/UE4Editor-ImgMediaFactory.dll (API version 3709383).
LogModuleManager: Display: Found up-to-date module file ../../../Engine/Plugins/Media/ImgMedia/Binaries/Win64/UE4Editor-OpenExrWrapper.dll (API version 3709383).
LogModuleManager: Display: Found up-to-date module file ../../../Engine/Plugins/Media/MediaCompositing/Binaries/Win64/UE4Editor-MediaCompositing.dll (API version 3709383).
LogModuleManager: Display: Found up-to-date module file ../../../Engine/Plugins/Media/MediaCompositing/Binaries/Win64/UE4Editor-MediaCompositingEditor.dll (API version 3709383).
LogModuleManager: Display: Found up-to-date module file ../../../Engine/Plugins/Media/MediaPlayerEditor/Binaries/Win64/UE4Editor-MediaPlayerEditor.dll (API version 3709383).
LogModuleManager: Display: Found up-to-date module file ../../../Engine/Plugins/Media/WmfMedia/Binaries/Win64/UE4Editor-WmfMedia.dll (API version 3709383).
LogModuleManager: Display: Found up-to-date module file ../../../Engine/Plugins/Media/WmfMedia/Binaries/Win64/UE4Editor-WmfMediaEditor.dll (API version 3709383).
LogModuleManager: Display: Found up-to-date module file ../../../Engine/Plugins/Media/WmfMedia/Binaries/Win64/UE4Editor-WmfMediaFactory.dll (API version 3709383).
LogModuleManager: Display: Found up-to-date module file ../../../Engine/Plugins/Media/WmfMedia/Binaries/Win64/UE4Editor-WmfMediaFactory.dll (API version 3709383).
LogModuleManager: Display: Found up-to-date module file ../../../Engine/Plugins/Messaging/TcpMessaging/Binaries/Win64/UE4Editor-TcpMessaging.dll (API version 3709383).
LogModuleManager: Display: Found up-to-date module file ../../../Engine/Plugins/Messaging/UdpMessaging/Binaries/Win64/UE4Editor-UdpMessaging.dll (API version 3709383).
LogModuleManager: Display: Found up-to-date module file ../../../Engine/Plugins/MovieScene/ActorSequence/Binaries/Win64/UE4Editor-ActorSequence.dll (API version 3709383).
LogModuleManager: Display: Found up-to-date module file ../../../Engine/Plugins/MovieScene/LevelSequenceEditor/Binaries/Win64/UE4Editor-LevelSequenceEditor.dll (API version 3709383).
LogModuleManager: Display: Found up-to-date module file ../../../Engine/Plugins/MovieScene/MatineeToLevelSequence/Binaries/Win64/UE4Editor-MatineeToLevelSequence.dll (API version 3709383).
LogModuleManager: Display: Found up-to-date module file ../../../Engine/Plugins/Online/OnlineSubsystem/Binaries/Win64/UE4Editor-OnlineSubsystem.dll (API version 3709383).
LogModuleManager: Display: Found up-to-date module file ../../../Engine/Plugins/Runtime/AndroidPermission/Binaries/Win64/UE4Editor-AndroidPermission.dll (API version 3709383).
LogModuleManager: Display: Found up-to-date module file ../../../Engine/Plugins/Online/OnlineSubsystemNull/Binaries/Win64/UE4Editor-OnlineSubsystemNull.dll (API version 3709383).
LogModuleManager: Display: Found up-to-date module file ../../../Engine/Plugins/Online/OnlineSubsystemUtils/Binaries/Win64/UE4Editor-OnlineSubsystemUtils.dll (API version 3709383).
LogModuleManager: Display: Found up-to-date module file ../../../Engine/Plugins/Online/OnlineSubsystemUtils/Binaries/Win64/UE4Editor-OnlineBlueprintSupport.dll (API version 3709383).
LogModuleManager: Display: Found up-to-date module file ../../../Engine/Plugins/Runtime/AndroidDeviceProfileSelector/Binaries/Win64/UE4Editor-AndroidDeviceProfileSelector.dll (API version 3709383).
LogModuleManager: Display: Found up-to-date module file ../../../Engine/Plugins/Runtime/AppleARKit/Binaries/Win64/UE4Editor-AppleARKit.dll (API version 3709383).
LogModuleManager: Display: Found up-to-date module file ../../../Engine/Plugins/Runtime/ArchVisCharacter/Binaries/Win64/UE4Editor-ArchVisCharacter.dll (API version 3709383).
LogModuleManager: Display: Found up-to-date module file ../../../Engine/Plugins/Runtime/CableComponent/Binaries/Win64/UE4Editor-CableComponent.dll (API version 3709383).
LogModuleManager: Display: Found up-to-date module file ../../../Engine/Plugins/Runtime/CustomMeshComponent/Binaries/Win64/UE4Editor-CustomMeshComponent.dll (API version 3709383).
LogModuleManager: Display: Found up-to-date module file ../../../Engine/Plugins/Runtime/ExampleDeviceProfileSelector/Binaries/Win64/UE4Editor-ExampleDeviceProfileSelector.dll (API version 3709383).
LogModuleManager: Display: Found up-to-date module file ../../../Engine/Plugins/Runtime/ImmediatePhysics/Binaries/Win64/UE4Editor-ImmediatePhysics.dll (API version 3709383).
LogModuleManager: Display: Found up-to-date module file ../../../Engine/Plugins/Runtime/ImmediatePhysics/Binaries/Win64/UE4Editor-ImmediatePhysicsEditor.dll (API version 3709383).
LogModuleManager: Display: Found up-to-date module file ../../../Engine/Plugins/Runtime/LocationServicesBPLibrary/Binaries/Win64/UE4Editor-LocationServicesBPLibrary.dll (API version 3709383).
LogModuleManager: Display: Found up-to-date module file ../../../Engine/Plugins/Runtime/MobilePatchingUtils/Binaries/Win64/UE4Editor-MobilePatchingUtils.dll (API version 3709383).
LogModuleManager: Display: Found up-to-date module file ../../../Engine/Plugins/Runtime/Oculus/OculusVR/Binaries/Win64/UE4Editor-OculusHMD.dll (API version 3709383).
LogModuleManager: Display: Found up-to-date module file ../../../Engine/Plugins/Runtime/Oculus/OculusVR/Binaries/Win64/UE4Editor-OculusInput.dll (API version 3709383).
LogModuleManager: Display: Found up-to-date module file ../../../Engine/Plugins/Runtime/Oculus/OculusVR/Binaries/Win64/UE4Editor-OculusEditor.dll (API version 3709383).
LogModuleManager: Display: Found up-to-date module file ../../../Engine/Plugins/Runtime/PhysXVehicles/Binaries/Win64/UE4Editor-PhysXVehicles.dll (API version 3709383).
LogModuleManager: Display: Found up-to-date module file ../../../Engine/Plugins/Runtime/PhysXVehicles/Binaries/Win64/UE4Editor-PhysXVehiclesEditor.dll (API version 3709383).
LogModuleManager: Display: Found up-to-date module file ../../../Engine/Plugins/Runtime/ProceduralMeshComponent/Binaries/Win64/UE4Editor-ProceduralMeshComponent.dll (API version 3709383).
LogModuleManager: Display: Found up-to-date module file ../../../Engine/Plugins/Runtime/ProceduralMeshComponent/Binaries/Win64/UE4Editor-ProceduralMeshComponentEditor.dll (API version 3709383).
LogModuleManager: Display: Found up-to-date module file ../../../Engine/Plugins/Runtime/RuntimePhysXCooking/Binaries/Win64/UE4Editor-RuntimePhysXCooking.dll (API version 3709383).
LogModuleManager: Display: Found up-to-date module file ../../../Engine/Plugins/Runtime/Steam/SteamVR/Binaries/Win64/UE4Editor-SteamVR.dll (API version 3709383).
LogModuleManager: Display: Found up-to-date module file ../../../Engine/Plugins/Runtime/Steam/SteamVR/Binaries/Win64/UE4Editor-SteamVRController.dll (API version 3709383).
LogModuleManager: Display: Found up-to-date module file ../../../Engine/Plugins/Runtime/WindowsMoviePlayer/Binaries/Win64/UE4Editor-WindowsMoviePlayer.dll (API version 3709383).
LogPluginManager: Mounting plugin Paper2D
LogPluginManager: Mounting plugin LightPropagationVolume
LogPluginManager: Mounting plugin CodeLiteSourceCodeAccess
LogPluginManager: Mounting plugin GitSourceControl
LogPluginManager: Mounting plugin KDevelopSourceCodeAccess
LogPluginManager: Mounting plugin NullSourceCodeAccess
LogPluginManager: Mounting plugin PerforceSourceControl
LogPluginManager: Mounting plugin SubversionSourceControl
LogPluginManager: Mounting plugin UObjectPlugin
LogPluginManager: Mounting plugin VisualStudioCodeSourceCodeAccess
LogPluginManager: Mounting plugin VisualStudioSourceCodeAccess
LogPluginManager: Mounting plugin XCodeSourceCodeAccess
LogPluginManager: Mounting plugin AssetManagerEditor
LogPluginManager: Mounting plugin AudioCapture
LogPluginManager: Mounting plugin FacialAnimation
LogPluginManager: Mounting plugin GameplayTagsEditor
LogPluginManager: Mounting plugin MobileLauncherProfileWizard
LogPluginManager: Mounting plugin PluginBrowser
LogPluginManager: Mounting plugin SpeedTreeImporter
LogPluginManager: Mounting plugin AlembicImporter
LogPluginManager: Mounting plugin CharacterAI
LogPluginManager: Mounting plugin HTML5Networking
LogPluginManager: Mounting plugin AndroidMedia
LogPluginManager: Mounting plugin AvfMedia
LogPluginManager: Mounting plugin ImgMedia
LogPluginManager: Mounting plugin MediaCompositing
LogPluginManager: Mounting plugin MediaPlayerEditor
LogPluginManager: Mounting plugin WmfMedia
LogPluginManager: Mounting plugin TcpMessaging
LogPluginManager: Mounting plugin UdpMessaging
LogPluginManager: Mounting plugin ActorSequence
LogPluginManager: Mounting plugin LevelSequenceEditor
LogPluginManager: Mounting plugin MatineeToLevelSequence
LogPluginManager: Mounting plugin OnlineSubsystemGooglePlay
LogPluginManager: Mounting plugin OnlineSubsystemIOS
LogPluginManager: Mounting plugin OnlineSubsystem
LogPluginManager: Mounting plugin OnlineSubsystemNull
LogPluginManager: Mounting plugin OnlineSubsystemUtils
LogPluginManager: Mounting plugin AndroidDeviceProfileSelector
LogPluginManager: Mounting plugin AndroidMoviePlayer
LogPluginManager: Mounting plugin AndroidPermission
LogPluginManager: Mounting plugin AppleARKit
LogPluginManager: Mounting plugin AppleMoviePlayer
LogPluginManager: Mounting plugin ArchVisCharacter
LogPluginManager: Mounting plugin CableComponent
LogPluginManager: Mounting plugin CustomMeshComponent
LogPluginManager: Mounting plugin ExampleDeviceProfileSelector
LogPluginManager: Mounting plugin GoogleCloudMessaging
LogPluginManager: Mounting plugin ImmediatePhysics
LogPluginManager: Mounting plugin IOSDeviceProfileSelector
LogPluginManager: Mounting plugin LinuxDeviceProfileSelector
LogPluginManager: Mounting plugin LocationServicesBPLibrary
LogPluginManager: Mounting plugin MobilePatchingUtils
LogPluginManager: Mounting plugin OculusVR
LogPluginManager: Plugin shader directory ../../../Engine/Plugins/Runtime/Oculus/OculusVR/Shaders found
LogPluginManager: Mapping shader source directory ../../../Engine/Plugins/Runtime/Oculus/OculusVR/Shaders to virtual directory /Plugin/OculusVR
LogPluginManager: Mounting plugin PhysXVehicles
LogPluginManager: Mounting plugin ProceduralMeshComponent
LogPluginManager: Mounting plugin RuntimePhysXCooking
LogPluginManager: Mounting plugin SteamVR
LogPluginManager: Mounting plugin WindowsMoviePlayer
LogInit: Using libcurl 7.47.1
LogInit:  - built for x86_64-pc-win32
LogInit:  - supports SSL with OpenSSL/1.0.2g
LogInit:  - supports HTTP deflate (compression) using libz 1.2.8
LogInit:  - other features:
LogInit:      CURL_VERSION_SSL
LogInit:      CURL_VERSION_LIBZ
LogInit:      CURL_VERSION_IPV6
LogInit:      CURL_VERSION_ASYNCHDNS
LogInit:      CURL_VERSION_LARGEFILE
LogInit:      CURL_VERSION_IDN
LogInit:  CurlRequestOptions (configurable via config and command line):
LogInit:  - bVerifyPeer = false  - Libcurl will NOT verify peer certificate
LogInit:  - bUseHttpProxy = false  - Libcurl will NOT use HTTP proxy
LogInit:  - bDontReuseConnections = false  - Libcurl will reuse connections
LogInit:  - CertBundlePath = nullptr  - Libcurl will use whatever was configured at build time.
LogInit: Build: ++UE4+Release-4.18-CL-3832480
LogInit: Engine Version: 4.18.3-3832480+++UE4+Release-4.18
LogInit: Compatible Engine Version: 4.18.0-3709383+++UE4+Release-4.18
LogInit: Net CL: 3709383
LogDevObjectVersion: Number of dev versions registered: 16
LogDevObjectVersion:   Dev-Blueprints (B0D832E4-1F89-4F0D-ACCF-7EB736FD4AA2): 10
LogDevObjectVersion:   Dev-Build (E1C64328-A22C-4D53-A36C-8E866417BD8C): 0
LogDevObjectVersion:   Dev-Core (375EC13C-06E4-48FB-B500-84F0262A717E): 2
LogDevObjectVersion:   Dev-Editor (E4B068ED-F494-42E9-A231-DA0B2E46BB41): 20
LogDevObjectVersion:   Dev-Framework (CFFC743F-43B0-4480-9391-14DF171D2073): 30
LogDevObjectVersion:   Dev-Mobile (B02B49B5-BB20-44E9-A304-32B752E40360): 0
LogDevObjectVersion:   Dev-Networking (A4E4105C-59A1-49B5-A7C5-40C4547EDFEE): 0
LogDevObjectVersion:   Dev-Online (39C831C9-5AE6-47DC-9A44-9C173E1C8E7C): 0
LogDevObjectVersion:   Dev-Physics (78F01B33-EBEA-4F98-B9B4-84EACCB95AA2): 0
LogDevObjectVersion:   Dev-Platform (6631380F-2D4D-43E0-8009-CF276956A95A): 0
LogDevObjectVersion:   Dev-Rendering (12F88B9F-8875-4AFC-A67C-D90C383ABD29): 20
LogDevObjectVersion:   Dev-Sequencer (7B5AE74C-D270-4C10-A958-57980B212A5A): 4
LogDevObjectVersion:   Dev-VR (D7296918-1DD6-4BDD-9DE2-64A83CC13884): 0
LogDevObjectVersion:   Dev-LoadTimes (C2A15278-BFE7-4AFE-6C17-90FF531DF755): 1
LogDevObjectVersion:   Private-Geometry (6EACA3D4-40EC-4CC1-B786-8BED09428FC5): 1
LogDevObjectVersion:   Dev-AnimPhys (29E575DD-E0A3-4627-9D10-D276232CDCEA): 12
LogInit: Compiled (64-bit): Jan 12 2018 02:04:55
LogInit: Compiled with Visual C++: 19.00.24215.01
LogInit: Build Configuration: Development
LogInit: Branch Name: ++UE4+Release-4.18
LogInit: Command line: -EpicPortal 
LogInit: Base directory: E:/Programs/UE_4.17/UE_4.18/Engine/Binaries/Win64/
LogInit: Installed Engine Build: 1
LogInit: Presizing for max 8388607 objects, including 0 objects not considered by GC, pre-allocating 0 bytes for permanent pool.
LogInit: Object subsystem initialized
[2018.02.07-14.23.17:467][  0]LogInit: Selected Device Profile: [Windows]
[2018.02.07-14.23.17:467][  0]LogInit: Applying CVar settings loaded from the selected device profile: [Windows]
[2018.02.07-14.23.17:522][  0]LogInit: Computer: SALVEIRO-PC
[2018.02.07-14.23.17:522][  0]LogInit: User: Salveiro
[2018.02.07-14.23.17:522][  0]LogInit: CPU Page size=4096, Cores=4
[2018.02.07-14.23.17:522][  0]LogInit: High frequency timer resolution =3.417988 MHz
[2018.02.07-14.23.17:522][  0]LogMemory: Memory total: Physical=7.9GB (8GB approx)
[2018.02.07-14.23.17:522][  0]LogMemory: Platform Memory Stats for Windows
[2018.02.07-14.23.17:523][  0]LogMemory: Process Physical Memory: 273.88 MB used, 273.88 MB peak
[2018.02.07-14.23.17:523][  0]LogMemory: Process Virtual Memory: 273.65 MB used, 273.65 MB peak
[2018.02.07-14.23.17:523][  0]LogMemory: Physical Memory: 2413.03 MB used,  5695.58 MB free, 8108.61 MB total
[2018.02.07-14.23.17:523][  0]LogMemory: Virtual Memory: 629.28 MB used,  5695.58 MB free, 8388608.00 MB total
[2018.02.07-14.23.17:950][  0]LogInit: Using OS detected language (pl-PL).
[2018.02.07-14.23.17:950][  0]LogInit: Using OS detected locale (pl-PL).
[2018.02.07-14.23.18:020][  0]LogTextLocalizationManager: No localization for 'pl-PL' exists, so 'en' will be used for the language.
[2018.02.07-14.23.18:020][  0]LogTextLocalizationManager: No localization for 'pl-PL' exists, so 'en' will be used for the locale.
[2018.02.07-14.23.18:589][  0]LogWindows: Failed to load 'shcore.dll' (GetLastError=126)
[2018.02.07-14.23.18:589][  0]LogWindows: File 'shcore.dll' does not exist
[2018.02.07-14.23.18:589][  0]LogInit: Setting process to DPI aware
[2018.02.07-14.23.18:632][  0]LogWindows: Failed to load 'shcore.dll' (GetLastError=126)
[2018.02.07-14.23.18:632][  0]LogWindows: File 'shcore.dll' does not exist
[2018.02.07-14.23.18:632][  0]LogInit: Setting process to DPI aware
[2018.02.07-14.23.19:151][  0]LogD3D11RHI: D3D11 adapters:
[2018.02.07-14.23.19:253][  0]LogD3D11RHI:    0. 'NVIDIA GeForce GTX 970' (Feature Level 11_0)
[2018.02.07-14.23.19:253][  0]LogD3D11RHI:       4007/0/3798 MB DedicatedVideo/DedicatedSystem/SharedSystem, Outputs:1, VendorId:0x10de
[2018.02.07-14.23.19:253][  0]LogD3D11RHI: Chosen D3D11 Adapter: 0
[2018.02.07-14.23.19:256][  0]LogD3D11RHI: Creating new Direct3DDevice
[2018.02.07-14.23.19:256][  0]LogD3D11RHI:     GPU DeviceId: 0x13c2 (for the marketing name, search the web for "GPU Device Id")
[2018.02.07-14.23.19:256][  0]LogWindows: EnumDisplayDevices:
[2018.02.07-14.23.19:256][  0]LogWindows:    0. 'NVIDIA GeForce GTX 970' (P:1 D:1)
[2018.02.07-14.23.19:256][  0]LogWindows:    1. 'NVIDIA GeForce GTX 970' (P:0 D:0)
[2018.02.07-14.23.19:256][  0]LogWindows:    2. 'NVIDIA GeForce GTX 970' (P:0 D:0)
[2018.02.07-14.23.19:256][  0]LogWindows:    3. 'NVIDIA GeForce GTX 970' (P:0 D:0)
[2018.02.07-14.23.19:256][  0]LogWindows:    4. 'RDPDD Chained DD' (P:0 D:0)
[2018.02.07-14.23.19:256][  0]LogWindows:    5. 'RDP Encoder Mirror Driver' (P:0 D:0)
[2018.02.07-14.23.19:256][  0]LogWindows:    6. 'RDP Reflector Display Driver' (P:0 D:0)
[2018.02.07-14.23.19:256][  0]LogWindows: DebugString: GetVideoDriverDetailsInvalid PrimaryIsNotTheChoosenAdapter GetVideoDriverDetailsInvalid PrimaryIsNotTheChoosenAdapter GetVideoDriverDetailsInvalid PrimaryIsNotTheChoosenAdapter FoundDriverCount:4 
[2018.02.07-14.23.19:256][  0]LogD3D11RHI:     Adapter Name: NVIDIA GeForce GTX 970
[2018.02.07-14.23.19:256][  0]LogD3D11RHI:   Driver Version: 384.94 (internal:22.21.13.8494, unified:384.94)
[2018.02.07-14.23.19:256][  0]LogD3D11RHI:      Driver Date: 7-18-2017
[2018.02.07-14.23.19:256][  0]LogRHI: Texture pool is 2805 MB (70% of 4007 MB)
[2018.02.07-14.23.19:264][  0]LogD3D11RHI: Async texture creation enabled
[2018.02.07-14.23.19:278][  0]LogD3D11RHI: GPU Timing Frequency: 1000.000000 (Debug: 2 2)
[2018.02.07-14.23.19:279][  0]LogShaderCompilers: Guid format shader working directory is -12 characters bigger than the processId version (../../../../../../Salveiro/Documents/Unreal Projects/SalwaRTS/Intermediate/Shaders/WorkingDirectory/4988/).
[2018.02.07-14.23.19:279][  0]LogShaderCompilers: Cleaned the shader compiler working directory 'C:/Users/Salveiro/AppData/Local/Temp/UnrealShaderWorkingDir/03BAE0844FF8D8F55E4ABA981A658C35/'.
[2018.02.07-14.23.19:279][  0]LogShaderCompilers: Display: Using Local Shader Compiler.
[2018.02.07-14.23.21:396][  0]LogTemp: Display: Loaded TP AllDesktopTargetPlatform
[2018.02.07-14.23.21:427][  0]LogTemp: Display: Loaded TP MacClientTargetPlatform
[2018.02.07-14.23.21:458][  0]LogTemp: Display: Loaded TP MacNoEditorTargetPlatform
[2018.02.07-14.23.21:489][  0]LogTemp: Display: Loaded TP MacServerTargetPlatform
[2018.02.07-14.23.21:539][  0]LogTemp: Display: Loaded TP MacTargetPlatform
[2018.02.07-14.23.21:570][  0]LogTemp: Display: Loaded TP WindowsClientTargetPlatform
[2018.02.07-14.23.21:601][  0]LogTemp: Display: Loaded TP WindowsNoEditorTargetPlatform
[2018.02.07-14.23.21:632][  0]LogTemp: Display: Loaded TP WindowsServerTargetPlatform
[2018.02.07-14.23.21:657][  0]LogTemp: Display: Loaded TP WindowsTargetPlatform
[2018.02.07-14.23.21:688][  0]LogTemp: Display: Loaded TP Android_ASTCTargetPlatform
[2018.02.07-14.23.21:718][  0]LogTemp: Display: Loaded TP Android_ATCTargetPlatform
[2018.02.07-14.23.21:748][  0]LogTemp: Display: Loaded TP Android_DXTTargetPlatform
[2018.02.07-14.23.21:800][  0]LogTemp: Display: Loaded TP Android_ETC1TargetPlatform
[2018.02.07-14.23.21:832][  0]LogTemp: Display: Loaded TP Android_ETC2TargetPlatform
[2018.02.07-14.23.21:926][  0]LogTemp: Display: Loaded TP Android_MultiTargetPlatform
[2018.02.07-14.23.21:926][  0]LogTemp: Display: Loaded TP Android_PVRTCTargetPlatform
[2018.02.07-14.23.21:967][  0]LogTemp: Display: Loaded TP AndroidTargetPlatform
[2018.02.07-14.23.21:987][  0]LogTemp: Display: Loaded TP HTML5TargetPlatform
[2018.02.07-14.23.22:065][  0]LogTemp: Display: Loaded TP IOSTargetPlatform
[2018.02.07-14.23.22:082][  0]LogTemp: Display: Loaded TP TVOSTargetPlatform
[2018.02.07-14.23.22:142][  0]LogTemp: Display: Loaded TP LinuxClientTargetPlatform
[2018.02.07-14.23.22:173][  0]LogTemp: Display: Loaded TP LinuxNoEditorTargetPlatform
[2018.02.07-14.23.22:203][  0]LogTemp: Display: Loaded TP LinuxServerTargetPlatform
[2018.02.07-14.23.22:247][  0]LogTemp: Display: Loaded TP LinuxTargetPlatform
[2018.02.07-14.23.22:247][  0]LogTargetPlatformManager: Display: Building Assets For Windows
[2018.02.07-14.23.23:033][  0]LogDerivedDataCache: Display: Max Cache Size: 512 MB
[2018.02.07-14.23.23:397][  0]LogDerivedDataCache: Loaded boot cache 0.36s 69MB C:/Users/Salveiro/AppData/Local/UnrealEngine/4.18/DerivedDataCache/Boot.ddc.
[2018.02.07-14.23.23:397][  0]LogDerivedDataCache: Display: Loaded Boot cache: C:/Users/Salveiro/AppData/Local/UnrealEngine/4.18/DerivedDataCache/Boot.ddc
[2018.02.07-14.23.23:397][  0]LogDerivedDataCache: FDerivedDataBackendGraph:  Pak pak cache file ../../../../../../Salveiro/Documents/Unreal Projects/SalwaRTS/DerivedDataCache/DDC.ddp not found, will not use a pak cache.
[2018.02.07-14.23.23:397][  0]LogDerivedDataCache: Unable to find inner node Pak for hierarchical cache Hierarchy.
[2018.02.07-14.23.23:397][  0]LogDerivedDataCache: FDerivedDataBackendGraph:  CompressedPak pak cache file ../../../../../../Salveiro/Documents/Unreal Projects/SalwaRTS/DerivedDataCache/Compressed.ddp not found, will not use a pak cache.
[2018.02.07-14.23.23:397][  0]LogDerivedDataCache: Unable to find inner node CompressedPak for hierarchical cache Hierarchy.
[2018.02.07-14.23.23:430][  0]LogDerivedDataCache: Display: Pak cache opened for reading ../../../Engine/DerivedDataCache/Compressed.ddp.
[2018.02.07-14.23.23:441][  0]LogDerivedDataCache: Using Local data cache path C:/Users/Salveiro/AppData/Local/UnrealEngine/Common/DerivedDataCache: Writable
[2018.02.07-14.23.23:450][  0]LogMaterial: Verifying Global Shaders for PCD3D_SM5
[2018.02.07-14.23.23:450][  0]LogSlate: Using Freetype 2.6.0
[2018.02.07-14.23.23:494][  0]LogSlate: SlateFontCache - WITH_FREETYPE: 1, WITH_HARFBUZZ: 1
[2018.02.07-14.23.23:494][  0]LogSlate: SlateFontCache - WITH_FREETYPE: 1, WITH_HARFBUZZ: 1
[2018.02.07-14.23.25:180][  0]LogInit: Selected Device Profile: [Windows]
[2018.02.07-14.23.25:443][  0]LogSimplygon: Simplygon DLL not present - disabling.
[2018.02.07-14.23.25:464][  0]LogMeshReduction: Using SimplygonSwarm for distributed automatic mesh merging
[2018.02.07-14.23.25:464][  0]LogMeshReduction: Using QuadricMeshReduction for automatic static mesh reduction
[2018.02.07-14.23.25:464][  0]LogMeshReduction: No automatic skeletal mesh reduction module available
[2018.02.07-14.23.25:464][  0]LogMeshReduction: No automatic mesh merging module available
[2018.02.07-14.23.25:464][  0]LogMeshMerging: No automatic mesh merging module available
[2018.02.07-14.23.25:484][  0]LogNetVersion: SalwaRTS , NetCL: 3709383, EngineNetVer: 2, GameNetVer: 0 (Checksum: 8527700)
[2018.02.07-14.23.25:603][  0]LogAssetRegistry: FAssetRegistry took 0.0243 seconds to start up
[2018.02.07-14.23.25:966][  0]LogPackageLocalizationCache: Processed 7 localized package path(s) for 1 prioritized culture(s) in 0.015921 seconds
[2018.02.07-14.23.25:970][  0]LogUObjectArray: 35870 objects as part of root set at end of initial load.
[2018.02.07-14.23.25:970][  0]LogUObjectAllocator: 7363696 out of 0 bytes used by permanent object pool.
[2018.02.07-14.23.25:970][  0]LogUObjectArray: CloseDisregardForGC: 0/0 objects in disregard for GC pool
[2018.02.07-14.23.25:996][  0]LogInit: WinSock: version 1.1 (2.2), MaxSocks=32767, MaxUdp=65467
[2018.02.07-14.23.45:945][  0]LogTcpMessaging: Initializing TcpMessaging bridge
[2018.02.07-14.23.45:972][  0]LogUdpMessaging: Initializing bridge on interface 0.0.0.0:0 to multicast group 230.0.0.1:6666.
[2018.02.07-14.23.46:421][  0]LogMaterial: Uniform references updated for custom material expression Custom.
[2018.02.07-14.23.46:697][  0]SourceControl: Source control is disabled
[2018.02.07-14.23.46:697][  0]SourceControl: Source control is disabled
[2018.02.07-14.23.46:724][  0]SourceControl: Source control is disabled
[2018.02.07-14.23.46:751][  0]SourceControl: Source control is disabled
[2018.02.07-14.23.47:296][  0]LogAndroidPermission: UAndroidPermissionCallbackProxy::GetInstance
[2018.02.07-14.23.47:439][  0]LogOcInput: OculusInput pre-init called
[2018.02.07-14.23.47:654][  0]LogEngine: Initializing Engine...
[2018.02.07-14.23.47:656][  0]LogHMD: Failed to initialize OpenVR with code 110
[2018.02.07-14.23.47:863][  0]LogStats: UGameplayTagsManager::ConstructGameplayTagTree: Construct from data asset -  0.000 s
[2018.02.07-14.23.47:863][  0]LogStats: UGameplayTagsManager::ConstructGameplayTagTree: GameplayTagTreeChangedEvent.Broadcast -  0.000 s
[2018.02.07-14.23.47:934][  0]LogAIModule: Creating AISystem for world Untitled
[2018.02.07-14.23.47:971][  0]LogInit: XAudio2 using 'Speakers (High Definition Audio Device)' : 2 channels at 44.1 kHz using 16 bits per sample (channel mask 0x3)
[2018.02.07-14.23.48:356][  0]LogInit: FAudioDevice initialized.
[2018.02.07-14.23.48:723][  0]LogDerivedDataCache: Saved boot cache 0.37s 78MB C:/Users/Salveiro/AppData/Local/UnrealEngine/4.18/DerivedDataCache/Boot.ddc.
[2018.02.07-14.23.48:735][  0]LogInit: Texture streaming: Enabled
[2018.02.07-14.23.48:784][  0]LogEngineSessionManager: EngineSessionManager initialized
[2018.02.07-14.23.48:909][  0]LogInit: Transaction tracking system initialized
[2018.02.07-14.23.49:069][  0]BlueprintLog: New page: Editor Load
[2018.02.07-14.23.49:546][  0]LocalizationService: Localization service is disabled
[2018.02.07-14.23.50:044][  0]LogConsoleResponse: Display: 
[2018.02.07-14.23.50:308][  0]LogCook: Display: Max memory allowance for cook 16384mb min free memory 0mb
[2018.02.07-14.23.50:308][  0]LogCook: Display: Mobile HDR setting 1
[2018.02.07-14.23.50:308][  0]LogGameplayTags: Display: UGameplayTagsManager::DoneAddingNativeTags. DelegateIsBound: 0
[2018.02.07-14.23.51:116][  0]LogFileCache: Scanning file cache for directory 'E:/Salveiro/Documents/Unreal Projects/SalwaRTS/Content/' took 0.01s
[2018.02.07-14.23.51:116][  0]SourceControl: Source control is disabled
[2018.02.07-14.23.51:117][  0]Cmd: MAP LOAD FILE="../../../../../../Salveiro/Documents/Unreal Projects/SalwaRTS/Content/RTS_tutorial/Maps/RTS_test_map.umap" TEMPLATE=0 SHOWPROGRESS=1 FEATURELEVEL=3
[2018.02.07-14.23.51:117][  0]LightingResults: New page: Lighting Build
[2018.02.07-14.23.51:139][  0]MapCheck: New page: Map Check
[2018.02.07-14.23.51:140][  0]LightingResults: New page: Lighting Build
[2018.02.07-14.23.54:481][  0]LogMaterial: Missing cached shader map for material M_Wood_Oak, compiling. 
[2018.02.07-14.23.54:995][  0]LogMaterial: Missing cached shader map for material M_Wood_Oak, compiling. 
[2018.02.07-14.23.55:212][  0]LogMaterial: Missing cached shader map for material M_UE4Man_Body, compiling. 
[2018.02.07-14.23.55:618][  0]LogMaterial: Missing cached shader map for material M_UE4Man_Body, compiling. 
[2018.02.07-14.23.55:768][  0]LogMaterial: Missing cached shader map for material M_Cursor_Decal, compiling. 
[2018.02.07-14.23.56:182][  0]LogMaterial: Missing cached shader map for material M_Water_Lake, compiling. 
[2018.02.07-14.23.56:308][  0]LogMaterial: Missing cached shader map for material M_Basic_Wall, compiling. 
[2018.02.07-14.23.57:649][  0]LogMaterial: Missing cached shader map for material M_Rock_Sandstone, compiling. 
[2018.02.07-14.23.57:942][  0]LogAIModule: Creating AISystem for world RTS_test_map
[2018.02.07-14.24.00:708][  0]LogEditorServer: Finished looking for orphan Actors (0.000 secs)
[2018.02.07-14.24.00:753][  0]Cmd: MAP CHECKDEP NOCLEARLOG
[2018.02.07-14.24.00:800][  0]MapCheck: Map check complete: 0 Error(s), 0 Warning(s), took 46.809ms to complete.
[2018.02.07-14.24.00:800][  0]LogFileHelpers: Loading map 'RTS_test_map' took 9.684
[2018.02.07-14.24.01:689][  0]LogCollectionManager: Loaded 0 collections in 0.001362 seconds
[2018.02.07-14.24.02:034][  0]LogFileCache: Scanning file cache for directory 'E:/Salveiro/Documents/Unreal Projects/SalwaRTS/Saved/Collections/' took 0.02s
[2018.02.07-14.24.02:035][  0]LogFileCache: Scanning file cache for directory 'E:/Salveiro/Documents/Unreal Projects/SalwaRTS/Content/Developers/Salveiro/Collections/' took 0.01s
[2018.02.07-14.24.02:035][  0]LogFileCache: Scanning file cache for directory 'E:/Salveiro/Documents/Unreal Projects/SalwaRTS/Content/Collections/' took 0.09s
[2018.02.07-14.24.02:035][  0]LogCollectionManager: Rebuilt the GUID cache for 0 collections in 0.000001 seconds
[2018.02.07-14.24.02:044][  0]LogContentBrowser: Native class hierarchy populated in 0.0077 seconds. Added 2363 classes and 519 folders.
[2018.02.07-14.24.02:219][  0]LogContentBrowser: Native class hierarchy updated for 'WidgetCarousel' in 0.0002 seconds. Added 0 classes and 0 folders.
[2018.02.07-14.24.02:628][  0]LogContentBrowser: Native class hierarchy updated for 'AddContentDialog' in 0.0002 seconds. Added 0 classes and 0 folders.
[2018.02.07-14.24.02:778][  0]LogContentBrowser: Native class hierarchy updated for 'SceneOutliner' in 0.0002 seconds. Added 1 classes and 2 folders.
[2018.02.07-14.24.03:313][  0]LogSlate: Took 0.015573 seconds to synchronously load lazily loaded font '../../../Engine/Content/Slate/Fonts/Roboto-Regular.ttf' (155K)
[2018.02.07-14.24.03:348][  0]LogSlate: Took 0.016556 seconds to synchronously load lazily loaded font '../../../Engine/Content/Slate/Fonts/Roboto-Bold.ttf' (160K)
[2018.02.07-14.24.03:381][  0]LogSlate: Took 0.010543 seconds to synchronously load lazily loaded font '../../../Engine/Content/Editor/Slate/Fonts/FontAwesome.ttf' (139K)
[2018.02.07-14.24.03:765][  0]LogMaterial: Missing cached shader map for material LevelGridMaterial2, compiling. 
[2018.02.07-14.24.03:896][  0]LogRenderer: Reallocating scene render targets to support 1196x668 Format 10 NumSamples 1 (Frame:1).
[2018.02.07-14.24.06:900][  0]LogContentBrowser: Native class hierarchy updated for 'HierarchicalLODOutliner' in 0.0003 seconds. Added 1 classes and 2 folders.
[2018.02.07-14.24.06:900][  0]LogLoad: (Engine Initialization) Total time: 68.36 seconds
[2018.02.07-14.24.06:900][  0]LogLoad: (Engine Initialization) Total Blueprint compile time: 0.00 seconds
[2018.02.07-14.24.06:900][  0]LogExternalProfiler: No external profilers were discovered.  External profiling features will not be available.
[2018.02.07-14.24.07:243][  0]LogContentStreaming: Texture pool size now 1000 MB
[2018.02.07-14.24.07:306][  0]LogSlate: Took 0.000153 seconds to synchronously load lazily loaded font '../../../Engine/Content/Slate/Fonts/Roboto-Light.ttf' (159K)
[2018.02.07-14.24.07:587][  1]LogAssetRegistry: Asset discovery search completed in 42.0037 seconds
[2018.02.07-14.24.07:590][  1]LogCollectionManager: Rebuilt the object cache for 0 collections in 0.000001 seconds (found 0 objects)
[2018.02.07-14.24.07:590][  1]LogCollectionManager: Fixed up redirectors for 0 collections in 0.000091 seconds (updated 0 objects)
[2018.02.07-14.24.08:068][  8]LogSlate: Took 0.000164 seconds to synchronously load lazily loaded font '../../../Engine/Content/Slate/Fonts/Roboto-Light.ttf' (159K)
[2018.02.07-14.25.48:073][955]LogEditorViewport: Clicking on Actor (LMB): Actor (Actor5)
[2018.02.07-14.25.48:372][955]LogEditorViewport: Clicking on Actor (LMB): Landscape (Landscape1)
[2018.02.07-14.25.48:997][964]LogEditorViewport: Clicking on Actor (LMB): Landscape (Landscape1)
[2018.02.07-14.25.49:382][  7]LogEditorViewport: Clicking on Actor (LMB): Landscape (Landscape1)
[2018.02.07-14.26.00:890][295]LogSlate: Took 0.000159 seconds to synchronously load lazily loaded font '../../../Engine/Content/Slate/Fonts/Roboto-Light.ttf' (159K)
[2018.02.07-14.26.01:320][295]LogContentBrowser: Native class hierarchy updated for 'BlueprintGraph' in 0.0006 seconds. Added 116 classes and 0 folders.
[2018.02.07-14.26.01:993][295]LogMaterial: Missing cached shader map for material GridMaterial, compiling. 
[2018.02.07-14.26.02:148][295]LogMaterial: Missing cached shader map for material PersonaFloorMat, compiling. 
[2018.02.07-14.26.03:593][295]LogLinker: Warning: Can't resolve asset name
[2018.02.07-14.26.03:659][295]LogScript: Warning: Accessed None trying to read property CameraPawnRef
	CameraPawnController_C /Engine/Transient.World_2:PersistentLevel.CameraPawnController_C_0
	Function /Game/RTS_tutorial/Blueprints/CameraPawnController.CameraPawnController_C:MovementSpeedCalculation:0028
[2018.02.07-14.26.03:660][295]LogScript: Warning: Accessed None
	CameraPawnController_C /Engine/Transient.World_2:PersistentLevel.CameraPawnController_C_0
	Function /Game/RTS_tutorial/Blueprints/CameraPawnController.CameraPawnController_C:MovementSpeedCalculation:003D
[2018.02.07-14.26.03:660][295]LogScript: Warning: Accessed None trying to read property CameraPawnRef
	CameraPawnController_C /Engine/Transient.World_2:PersistentLevel.CameraPawnController_C_0
	Function /Game/RTS_tutorial/Blueprints/CameraPawnController.CameraPawnController_C:ExecuteUbergraph_CameraPawnController:1405
[2018.02.07-14.26.03:660][295]LogScript: Warning: Accessed None trying to read property CameraPawnRef
	CameraPawnController_C /Engine/Transient.World_2:PersistentLevel.CameraPawnController_C_0
	Function /Game/RTS_tutorial/Blueprints/CameraPawnController.CameraPawnController_C:ExecuteUbergraph_CameraPawnController:157C
[2018.02.07-14.26.03:660][295]LogScript: Warning: Accessed None trying to read property CameraPawnRef
	CameraPawnController_C /Engine/Transient.World_2:PersistentLevel.CameraPawnController_C_0
	Function /Game/RTS_tutorial/Blueprints/CameraPawnController.CameraPawnController_C:MovementSpeedCalculation:0028
[2018.02.07-14.26.03:660][295]LogScript: Warning: Accessed None
	CameraPawnController_C /Engine/Transient.World_2:PersistentLevel.CameraPawnController_C_0
	Function /Game/RTS_tutorial/Blueprints/CameraPawnController.CameraPawnController_C:MovementSpeedCalculation:003D
[2018.02.07-14.26.03:660][295]LogScript: Warning: Accessed None trying to read property CameraPawnRef
	CameraPawnController_C /Engine/Transient.World_2:PersistentLevel.CameraPawnController_C_0
	Function /Game/RTS_tutorial/Blueprints/CameraPawnController.CameraPawnController_C:ExecuteUbergraph_CameraPawnController:1158
[2018.02.07-14.26.03:660][295]LogScript: Warning: Accessed None trying to read property CameraPawnRef
	CameraPawnController_C /Engine/Transient.World_2:PersistentLevel.CameraPawnController_C_0
	Function /Game/RTS_tutorial/Blueprints/CameraPawnController.CameraPawnController_C:ExecuteUbergraph_CameraPawnController:1395
[2018.02.07-14.26.03:679][295]LogScript: Warning: Accessed None trying to read property CameraPawnRef
	CameraPawnController_C /Engine/Transient.World_2:PersistentLevel.CameraPawnController_C_0
	Function /Game/RTS_tutorial/Blueprints/CameraPawnController.CameraPawnController_C:MovementSpeedCalculation:0028
[2018.02.07-14.26.03:679][295]LogScript: Warning: Accessed None
	CameraPawnController_C /Engine/Transient.World_2:PersistentLevel.CameraPawnController_C_0
	Function /Game/RTS_tutorial/Blueprints/CameraPawnController.CameraPawnController_C:MovementSpeedCalculation:003D
[2018.02.07-14.26.03:679][295]LogScript: Warning: Accessed None trying to read property CameraPawnRef
	CameraPawnController_C /Engine/Transient.World_2:PersistentLevel.CameraPawnController_C_0
	Function /Game/RTS_tutorial/Blueprints/CameraPawnController.CameraPawnController_C:ExecuteUbergraph_CameraPawnController:2160
[2018.02.07-14.26.03:679][295]LogScript: Warning: Accessed None trying to read property CameraPawnRef
	CameraPawnController_C /Engine/Transient.World_2:PersistentLevel.CameraPawnController_C_0
	Function /Game/RTS_tutorial/Blueprints/CameraPawnController.CameraPawnController_C:ExecuteUbergraph_CameraPawnController:22A9
[2018.02.07-14.26.03:679][295]LogScript: Warning: Accessed None trying to read property CameraPawnRef
	CameraPawnController_C /Engine/Transient.World_2:PersistentLevel.CameraPawnController_C_0
	Function /Game/RTS_tutorial/Blueprints/CameraPawnController.CameraPawnController_C:MovementSpeedCalculation:0028
[2018.02.07-14.26.03:679][295]LogScript: Warning: Accessed None
	CameraPawnController_C /Engine/Transient.World_2:PersistentLevel.CameraPawnController_C_0
	Function /Game/RTS_tutorial/Blueprints/CameraPawnController.CameraPawnController_C:MovementSpeedCalculation:003D
[2018.02.07-14.26.03:679][295]LogScript: Warning: Accessed None trying to read property CameraPawnRef
	CameraPawnController_C /Engine/Transient.World_2:PersistentLevel.CameraPawnController_C_0
	Function /Game/RTS_tutorial/Blueprints/CameraPawnController.CameraPawnController_C:ExecuteUbergraph_CameraPawnController:1C4B
[2018.02.07-14.26.03:679][295]LogScript: Warning: Accessed None trying to read property CameraPawnRef
	CameraPawnController_C /Engine/Transient.World_2:PersistentLevel.CameraPawnController_C_0
	Function /Game/RTS_tutorial/Blueprints/CameraPawnController.CameraPawnController_C:ExecuteUbergraph_CameraPawnController:1D37
[2018.02.07-14.26.03:691][295]LogSlate: Took 0.009101 seconds to synchronously load lazily loaded font '../../../Engine/Content/Editor/Slate/Fonts/Roboto-BoldCondensed.ttf' (158K)
[2018.02.07-14.26.04:109][296]LogScript: Warning: Accessed None trying to read property CameraPawnRef
	CameraPawnController_C /Engine/Transient.World_2:PersistentLevel.CameraPawnController_C_0
	Function /Game/RTS_tutorial/Blueprints/CameraPawnController.CameraPawnController_C:MovementSpeedCalculation:0028
[2018.02.07-14.26.04:122][296]LogSlate: Took 0.001512 seconds to synchronously load lazily loaded font '../../../Engine/Content/Editor/Slate/Fonts/Roboto-Italic.ttf' (157K)
[2018.02.07-14.26.08:483][655]LogTemp: Repeating last play command: New Editor Window (PIE)
[2018.02.07-14.26.08:561][655]LogBlueprintUserMessages: Early PlayInEditor Detection: Level '/Game/RTS_tutorial/Maps/RTS_test_map.RTS_test_map:PersistentLevel' has LevelScriptBlueprint '/Game/RTS_tutorial/Maps/RTS_test_map.RTS_test_map:PersistentLevel.RTS_test_map' with GeneratedClass '/Game/RTS_tutorial/Maps/RTS_test_map.RTS_test_map_C' with ClassGeneratedBy '/Game/RTS_tutorial/Maps/RTS_test_map.RTS_test_map:PersistentLevel.RTS_test_map'
[2018.02.07-14.26.08:577][655]LogPlayLevel: PlayLevel: No blueprints needed recompiling
[2018.02.07-14.26.08:643][655]PIE: New page: PIE session: RTS_test_map (Feb 7, 2018, 4:26:08 PM)
[2018.02.07-14.26.08:643][655]LogPlayLevel: Creating play world package: /Game/RTS_tutorial/Maps/UEDPIE_0_RTS_test_map
[2018.02.07-14.26.08:677][655]LogPlayLevel: PIE: StaticDuplicateObject took: (0.033977s)
[2018.02.07-14.26.08:677][655]LogAIModule: Creating AISystem for world RTS_test_map
[2018.02.07-14.26.08:677][655]LogPlayLevel: PIE: World Init took: (0.000719s)
[2018.02.07-14.26.08:678][655]LogPlayLevel: PIE: Created PIE world by copying editor world from /Game/RTS_tutorial/Maps/RTS_test_map.RTS_test_map to /Game/RTS_tutorial/Maps/UEDPIE_0_RTS_test_map.RTS_test_map (0.035069s)
[2018.02.07-14.26.08:718][655]LogInit: XAudio2 using 'Speakers (High Definition Audio Device)' : 2 channels at 44.1 kHz using 16 bits per sample (channel mask 0x3)
[2018.02.07-14.26.08:723][655]LogInit: FAudioDevice initialized.
[2018.02.07-14.26.08:815][655]LogLoad: Game class is 'MyGameMode_C'
[2018.02.07-14.26.08:875][655]LogWorld: Bringing World /Game/RTS_tutorial/Maps/UEDPIE_0_RTS_test_map.RTS_test_map up for play (max tick rate 0) at 2018.02.07-15.26.08
[2018.02.07-14.26.08:928][655]LogWorld: Bringing up level for play took: 0.081231
[2018.02.07-14.26.09:016][655]LogContentBrowser: Native class hierarchy updated for 'MovieSceneCapture' in 0.0003 seconds. Added 11 classes and 0 folders.
[2018.02.07-14.26.09:113][655]PIE: Play in editor start time for /Game/RTS_tutorial/Maps/UEDPIE_0_RTS_test_map 0.559
[2018.02.07-14.26.09:129][655]LogBlueprintUserMessages: Late PlayInEditor Detection: Level '/Game/RTS_tutorial/Maps/RTS_test_map.RTS_test_map:PersistentLevel' has LevelScriptBlueprint '/Game/RTS_tutorial/Maps/RTS_test_map.RTS_test_map:PersistentLevel.RTS_test_map' with GeneratedClass '/Game/RTS_tutorial/Maps/RTS_test_map.RTS_test_map_C' with ClassGeneratedBy '/Game/RTS_tutorial/Maps/RTS_test_map.RTS_test_map:PersistentLevel.RTS_test_map'
[2018.02.07-14.26.09:242][655]LogRenderer: Reallocating scene render targets to support 1292x756 Format 10 NumSamples 1 (Frame:1).
[2018.02.07-15.26.32:045][600]LogBlueprintUserMessages: Early EndPlayMap Detection: Level '/Game/RTS_tutorial/Maps/RTS_test_map.RTS_test_map:PersistentLevel' has LevelScriptBlueprint '/Game/RTS_tutorial/Maps/RTS_test_map.RTS_test_map:PersistentLevel.RTS_test_map' with GeneratedClass '/Game/RTS_tutorial/Maps/RTS_test_map.RTS_test_map_C' with ClassGeneratedBy '/Game/RTS_tutorial/Maps/RTS_test_map.RTS_test_map:PersistentLevel.RTS_test_map'
[2018.02.07-15.26.32:115][600]LogBlueprintUserMessages: Late EndPlayMap Detection: Level '/Game/RTS_tutorial/Maps/RTS_test_map.RTS_test_map:PersistentLevel' has LevelScriptBlueprint '/Game/RTS_tutorial/Maps/RTS_test_map.RTS_test_map:PersistentLevel.RTS_test_map' with GeneratedClass '/Game/RTS_tutorial/Maps/RTS_test_map.RTS_test_map_C' with ClassGeneratedBy '/Game/RTS_tutorial/Maps/RTS_test_map.RTS_test_map:PersistentLevel.RTS_test_map'
[2018.02.07-18.14.49:541][198]LogD3D11RHI: Timed out while waiting for GPU to catch up. (500 ms)
[2018.02.08-00.19.18:488][903]LogActorComponent: UnregisterComponent: (/Engine/Transient.EditorFloorComp) Not registered. Aborting.
[2018.02.08-00.19.18:927][903]LogActorComponent: UnregisterComponent: (/Engine/Transient.EditorFloorComp) Not registered. Aborting.
[2018.02.08-00.19.20:391][904]Cmd: QUIT_EDITOR
[2018.02.08-00.19.21:699][904]LogExit: Preparing to exit.
[2018.02.08-00.19.24:162][904]LogDirectoryWatcher: A directory notification for 'E:/Salveiro/Documents/Unreal Projects/SalwaRTS/Content/' was aborted.
[2018.02.08-00.19.25:234][904]LogExit: Editor shut down
[2018.02.08-00.19.25:243][904]LogExit: Transaction tracking system shut down
[2018.02.08-00.19.26:285][904]LogDirectoryWatcher: A directory notification for '../../../Engine/Content/' was aborted.
[2018.02.08-00.19.26:285][904]LogDirectoryWatcher: A directory notification for '../../../../../../Salveiro/Documents/Unreal Projects/SalwaRTS/Content/' was aborted.
[2018.02.08-00.19.26:285][904]LogDirectoryWatcher: A directory notification for '../../../Engine/Plugins/2D/Paper2D/Content/' was aborted.
[2018.02.08-00.19.26:285][904]LogDirectoryWatcher: A directory notification for '../../../Engine/Plugins/Media/MediaCompositing/Content/' was aborted.
[2018.02.08-00.19.26:285][904]LogDirectoryWatcher: A directory notification for '../../../Engine/Plugins/Runtime/AppleARKit/Content/' was aborted.
[2018.02.08-00.19.26:285][904]LogDirectoryWatcher: A directory notification for '../../../Engine/Plugins/Runtime/Oculus/OculusVR/Content/' was aborted.
[2018.02.08-00.19.26:285][904]LogDirectoryWatcher: A directory notification for '../../../Engine/Plugins/Runtime/Steam/SteamVR/Content/' was aborted.
[2018.02.08-00.19.28:449][904]LogExit: Object subsystem successfully closed.
[2018.02.08-00.19.28:957][904]LogD3D11RHI: Shutdown
[2018.02.08-00.19.28:962][904]LogD3D11RHI: CleanupD3DDevice
[2018.02.08-00.19.29:343][904]LogD3D11RHI: ~FD3D11DynamicRHI
[2018.02.08-00.19.30:616][904]LogModuleManager: Shutting down and abandoning module MovieSceneCapture (552)
[2018.02.08-00.19.30:616][904]LogModuleManager: Shutting down and abandoning module BlueprintGraph (550)
[2018.02.08-00.19.30:633][904]LogModuleManager: Shutting down and abandoning module HierarchicalLODOutliner (548)
[2018.02.08-00.19.30:633][904]LogModuleManager: Shutting down and abandoning module SceneOutliner (546)
[2018.02.08-00.19.30:651][904]LogModuleManager: Shutting down and abandoning module AddContentDialog (544)
[2018.02.08-00.19.30:688][904]LogDirectoryWatcher: A directory notification for 'E:/Programs/UE_4.17/UE_4.18/FeaturePacks/' was aborted.
[2018.02.08-00.19.30:778][904]LogModuleManager: Shutting down and abandoning module WidgetCarousel (543)
[2018.02.08-00.19.30:778][904]LogModuleManager: Shutting down and abandoning module EditorWidgets (540)
[2018.02.08-00.19.30:778][904]LogModuleManager: Shutting down and abandoning module CollectionManager (538)
[2018.02.08-00.19.30:796][904]LogDirectoryWatcher: A directory notification for 'E:/Salveiro/Documents/Unreal Projects/SalwaRTS/Content/Collections/' was aborted.
[2018.02.08-00.19.30:796][904]LogDirectoryWatcher: A directory notification for 'E:/Salveiro/Documents/Unreal Projects/SalwaRTS/Content/Developers/Salveiro/Collections/' was aborted.
[2018.02.08-00.19.30:796][904]LogDirectoryWatcher: A directory notification for 'E:/Salveiro/Documents/Unreal Projects/SalwaRTS/Saved/Collections/' was aborted.
[2018.02.08-00.19.30:796][904]LogModuleManager: Shutting down and abandoning module StatsViewer (536)
[2018.02.08-00.19.30:843][904]LogModuleManager: Shutting down and abandoning module FoliageEdit (534)
[2018.02.08-00.19.30:843][904]LogModuleManager: Shutting down and abandoning module LandscapeEditor (532)
[2018.02.08-00.19.30:914][904]LogModuleManager: Shutting down and abandoning module MeshPaintMode (530)
[2018.02.08-00.19.30:916][904]LogModuleManager: Shutting down and abandoning module SceneDepthPickerMode (528)
[2018.02.08-00.19.30:916][904]LogModuleManager: Shutting down and abandoning module ActorPickerMode (526)
[2018.02.08-00.19.30:916][904]LogModuleManager: Shutting down and abandoning module GeometryMode (524)
[2018.02.08-00.19.30:918][904]LogModuleManager: Shutting down and abandoning module TextureAlignMode (522)
[2018.02.08-00.19.30:918][904]LogModuleManager: Shutting down and abandoning module BspMode (520)
[2018.02.08-00.19.30:924][904]LogModuleManager: Shutting down and abandoning module PIEPreviewDeviceProfileSelector (518)
[2018.02.08-00.19.30:928][904]LogModuleManager: Shutting down and abandoning module HardwareSurvey (516)
[2018.02.08-00.19.30:931][904]LogModuleManager: Shutting down and abandoning module SequenceRecorderSections (514)
[2018.02.08-00.19.30:931][904]LogModuleManager: Shutting down and abandoning module AutomationWorker (512)
[2018.02.08-00.19.30:938][904]LogModuleManager: Shutting down and abandoning module MatineeToLevelSequence (510)
[2018.02.08-00.19.30:946][904]LogModuleManager: Shutting down and abandoning module LevelSequenceEditor (508)
[2018.02.08-00.19.30:972][904]LogModuleManager: Shutting down and abandoning module PlacementMode (507)
[2018.02.08-00.19.30:972][904]LogModuleManager: Shutting down and abandoning module WmfMediaFactory (504)
[2018.02.08-00.19.30:972][904]LogModuleManager: Shutting down and abandoning module WmfMediaEditor (502)
[2018.02.08-00.19.30:972][904]LogModuleManager: Shutting down and abandoning module OpenExrWrapper (500)
[2018.02.08-00.19.30:972][904]LogModuleManager: Shutting down and abandoning module ImgMediaFactory (498)
[2018.02.08-00.19.30:972][904]LogModuleManager: Shutting down and abandoning module ImgMediaEditor (496)
[2018.02.08-00.19.30:988][904]LogModuleManager: Shutting down and abandoning module AvfMediaFactory (494)
[2018.02.08-00.19.30:988][904]LogModuleManager: Shutting down and abandoning module AvfMediaEditor (492)
[2018.02.08-00.19.30:988][904]LogModuleManager: Shutting down and abandoning module AndroidMediaFactory (490)
[2018.02.08-00.19.30:988][904]LogModuleManager: Shutting down and abandoning module AndroidMediaEditor (488)
[2018.02.08-00.19.30:988][904]LogModuleManager: Shutting down and abandoning module CharacterAI (486)
[2018.02.08-00.19.30:989][904]LogModuleManager: Shutting down and abandoning module AudioCapture (484)
[2018.02.08-00.19.31:017][904]LogModuleManager: Shutting down and abandoning module SequenceRecorder (483)
[2018.02.08-00.19.31:034][904]LogModuleManager: Shutting down and abandoning module SmartSnapping (480)
[2018.02.08-00.19.31:034][904]LogModuleManager: Shutting down and abandoning module SessionServices (478)
[2018.02.08-00.19.31:034][904]LogModuleManager: Shutting down and abandoning module ViewportSnapping (476)
[2018.02.08-00.19.31:034][904]LogModuleManager: Shutting down and abandoning module ViewportInteraction (474)
[2018.02.08-00.19.31:034][904]LogModuleManager: Shutting down and abandoning module ClothPainter (472)
[2018.02.08-00.19.31:060][904]LogModuleManager: Shutting down and abandoning module SkeletalMeshEditor (471)
[2018.02.08-00.19.31:077][904]LogModuleManager: Shutting down and abandoning module LogVisualizer (468)
[2018.02.08-00.19.31:119][904]LogModuleManager: Shutting down and abandoning module IntroTutorials (466)
[2018.02.08-00.19.31:176][904]LogModuleManager: Shutting down and abandoning module GameProjectGeneration (465)
[2018.02.08-00.19.31:192][904]LogModuleManager: Shutting down and abandoning module IOSPlatformEditor (462)
[2018.02.08-00.19.31:193][904]LogModuleManager: Shutting down and abandoning module HTML5PlatformEditor (460)
[2018.02.08-00.19.31:193][904]LogModuleManager: Shutting down and abandoning module AndroidPlatformEditor (458)
[2018.02.08-00.19.31:193][904]LogModuleManager: Shutting down and abandoning module AndroidDeviceDetection (457)
[2018.02.08-00.19.31:917][904]LogModuleManager: Shutting down and abandoning module WindowsPlatformEditor (454)
[2018.02.08-00.19.31:917][904]LogModuleManager: Shutting down and abandoning module IOSRuntimeSettings (452)
[2018.02.08-00.19.31:917][904]LogModuleManager: Shutting down and abandoning module AndroidRuntimeSettings (450)
[2018.02.08-00.19.31:917][904]LogModuleManager: Shutting down and abandoning module InputBindingEditor (448)
[2018.02.08-00.19.31:935][904]LogModuleManager: Shutting down and abandoning module MergeActors (446)
[2018.02.08-00.19.31:956][904]LogModuleManager: Shutting down and abandoning module SizeMap (444)
[2018.02.08-00.19.31:956][904]LogModuleManager: Shutting down and abandoning module TreeMap (442)
[2018.02.08-00.19.31:984][904]LogModuleManager: Shutting down and abandoning module ReferenceViewer (440)
[2018.02.08-00.19.31:984][904]LogModuleManager: Shutting down and abandoning module LocalizationDashboard (438)
[2018.02.08-00.19.31:989][904]LogModuleManager: Shutting down and abandoning module LocalizationService (437)
[2018.02.08-00.19.32:003][904]LogModuleManager: Shutting down and abandoning module HardwareTargeting (434)
[2018.02.08-00.19.32:003][904]LogModuleManager: Shutting down and abandoning module DeviceProfileEditor (432)
[2018.02.08-00.19.32:003][904]LogModuleManager: Shutting down and abandoning module UndoHistory (430)
[2018.02.08-00.19.32:003][904]LogModuleManager: Shutting down and abandoning module XmlParser (428)
[2018.02.08-00.19.32:011][904]LogModuleManager: Shutting down and abandoning module Blutility (426)
[2018.02.08-00.19.32:011][904]LogModuleManager: Shutting down and abandoning module ProjectSettingsViewer (424)
[2018.02.08-00.19.32:011][904]LogModuleManager: Shutting down and abandoning module ProjectTargetPlatformEditor (423)
[2018.02.08-00.19.32:011][904]LogModuleManager: Shutting down and abandoning module EditorSettingsViewer (420)
[2018.02.08-00.19.32:011][904]LogModuleManager: Shutting down and abandoning module SettingsEditor (418)
[2018.02.08-00.19.32:019][904]LogModuleManager: Shutting down and abandoning module ProjectLauncher (416)
[2018.02.08-00.19.32:022][904]LogModuleManager: Shutting down and abandoning module SessionFrontend (414)
[2018.02.08-00.19.32:035][904]LogModuleManager: Shutting down and abandoning module ProfilerClient (412)
[2018.02.08-00.19.32:040][904]LogModuleManager: Shutting down and abandoning module DeviceManager (410)
[2018.02.08-00.19.32:043][904]LogModuleManager: Shutting down and abandoning module TargetDeviceServices (409)
[2018.02.08-00.19.32:092][904]LogModuleManager: Shutting down and abandoning module AutomationController (406)
[2018.02.08-00.19.32:112][904]LogModuleManager: Shutting down and abandoning module AutomationWindow (404)
[2018.02.08-00.19.32:119][904]LogModuleManager: Shutting down and abandoning module Layers (402)
[2018.02.08-00.19.32:136][904]LogModuleManager: Shutting down and abandoning module ComponentVisualizers (400)
[2018.02.08-00.19.32:136][904]LogModuleManager: Shutting down and abandoning module DetailCustomizations (398)
[2018.02.08-00.19.32:212][904]LogModuleManager: Shutting down and abandoning module PackagesDialog (396)
[2018.02.08-00.19.32:222][904]LogModuleManager: Shutting down and abandoning module Persona (394)
[2018.02.08-00.19.32:279][904]LogModuleManager: Shutting down and abandoning module AdvancedPreviewScene (393)
[2018.02.08-00.19.32:279][904]LogModuleManager: Shutting down and abandoning module AnimGraph (391)
[2018.02.08-00.19.32:292][904]LogModuleManager: Shutting down and abandoning module Kismet (388)
[2018.02.08-00.19.32:345][904]LogModuleManager: Shutting down and abandoning module ClassViewer (386)
[2018.02.08-00.19.32:371][904]LogModuleManager: Shutting down and abandoning module Toolbox (384)
[2018.02.08-00.19.32:371][904]LogModuleManager: Shutting down and abandoning module ModuleUI (382)
[2018.02.08-00.19.32:385][904]LogModuleManager: Shutting down and abandoning module MovieSceneTools (380)
[2018.02.08-00.19.32:408][904]LogModuleManager: Shutting down and abandoning module OutputLog (378)
[2018.02.08-00.19.32:431][904]LogModuleManager: Shutting down and abandoning module GammaUI (376)
[2018.02.08-00.19.32:447][904]LogModuleManager: Shutting down and abandoning module Documentation (374)
[2018.02.08-00.19.32:457][904]LogModuleManager: Shutting down and abandoning module MovieSceneTracks (372)
[2018.02.08-00.19.32:457][904]LogModuleManager: Shutting down and abandoning module MovieScene (370)
[2018.02.08-00.19.32:457][904]LogModuleManager: Shutting down and abandoning module StreamingPauseRendering (368)
[2018.02.08-00.19.32:457][904]LogModuleManager: Shutting down and abandoning module LauncherPlatform (366)
[2018.02.08-00.19.32:457][904]LogModuleManager: Shutting down and abandoning module AnalyticsET (364)
[2018.02.08-00.19.32:457][904]LogModuleManager: Shutting down and abandoning module PortalServices (362)
[2018.02.08-00.19.32:457][904]LogModuleManager: Shutting down and abandoning module PortalRpc (360)
[2018.02.08-00.19.32:457][904]LogModuleManager: Shutting down and abandoning module MessagingRpc (358)
[2018.02.08-00.19.32:457][904]LogModuleManager: Shutting down and abandoning module AIModule (356)
[2018.02.08-00.19.32:473][904]LogModuleManager: Shutting down and abandoning module GameplayDebugger (355)
[2018.02.08-00.19.32:487][904]LogModuleManager: Shutting down and abandoning module AITestSuite (353)
[2018.02.08-00.19.32:497][904]LogModuleManager: Shutting down and abandoning module DesktopPlatform (350)
[2018.02.08-00.19.32:502][904]LogModuleManager: Shutting down and abandoning module ProfilerService (348)
[2018.02.08-00.19.32:668][904]LogModuleManager: Shutting down and abandoning module TaskGraph (346)
[2018.02.08-00.19.32:717][904]LogModuleManager: Shutting down and abandoning module SteamVRController (344)
[2018.02.08-00.19.32:717][904]LogModuleManager: Shutting down and abandoning module ProceduralMeshComponentEditor (342)
[2018.02.08-00.19.32:717][904]LogModuleManager: Shutting down and abandoning module ProceduralMeshComponent (340)
[2018.02.08-00.19.32:729][904]LogModuleManager: Shutting down and abandoning module OculusInput (338)
[2018.02.08-00.19.32:731][904]LogModuleManager: Shutting down and abandoning module MobilePatchingUtils (336)
[2018.02.08-00.19.32:731][904]LogModuleManager: Shutting down and abandoning module CustomMeshComponent (334)
[2018.02.08-00.19.32:731][904]LogModuleManager: Shutting down and abandoning module CableComponent (332)
[2018.02.08-00.19.32:744][904]LogModuleManager: Shutting down and abandoning module ArchVisCharacter (330)
[2018.02.08-00.19.32:744][904]LogModuleManager: Shutting down and abandoning module AndroidPermission (328)
[2018.02.08-00.19.32:744][904]LogModuleManager: Shutting down and abandoning module ActorSequence (324)
[2018.02.08-00.19.32:744][904]LogModuleManager: Shutting down and abandoning module MediaPlayerEditor (322)
[2018.02.08-00.19.32:777][904]LogModuleManager: Shutting down and abandoning module MediaCompositingEditor (320)
[2018.02.08-00.19.32:777][904]LogModuleManager: Shutting down and abandoning module MediaCompositing (318)
[2018.02.08-00.19.32:777][904]LogModuleManager: Shutting down and abandoning module HTML5Networking (316)
[2018.02.08-00.19.32:777][904]LogModuleManager: Shutting down and abandoning module AlembicImporter (314)
[2018.02.08-00.19.32:794][904]LogModuleManager: Shutting down and abandoning module AlembicLibrary (313)
[2018.02.08-00.19.32:795][904]LogModuleManager: Shutting down and abandoning module GeometryCache (312)
[2018.02.08-00.19.32:795][904]LogModuleManager: Shutting down and abandoning module GeometryCacheEd (311)
[2018.02.08-00.19.32:795][904]LogModuleManager: Shutting down and abandoning module SpeedTreeImporter (306)
[2018.02.08-00.19.32:795][904]LogModuleManager: Shutting down and abandoning module PluginBrowser (304)
[2018.02.08-00.19.32:821][904]LogModuleManager: Shutting down and abandoning module MobileLauncherProfileWizard (302)
[2018.02.08-00.19.32:827][904]LogModuleManager: Shutting down and abandoning module VisualStudioSourceCodeAccess (300)
[2018.02.08-00.19.32:827][904]LogModuleManager: Shutting down and abandoning module VisualStudioCodeSourceCodeAccess (298)
[2018.02.08-00.19.32:827][904]LogModuleManager: Shutting down and abandoning module UObjectPlugin (296)
[2018.02.08-00.19.32:828][904]LogModuleManager: Shutting down and abandoning module SubversionSourceControl (294)
[2018.02.08-00.19.32:840][904]LogModuleManager: Shutting down and abandoning module PerforceSourceControl (292)
[2018.02.08-00.19.32:857][904]LogModuleManager: Shutting down and abandoning module GitSourceControl (290)
[2018.02.08-00.19.32:872][904]LogModuleManager: Shutting down and abandoning module SourceControl (289)
[2018.02.08-00.19.32:939][904]LogModuleManager: Shutting down and abandoning module LightPropagationVolumeEditor (286)
[2018.02.08-00.19.32:939][904]LogModuleManager: Shutting down and abandoning module PaperTiledImporter (284)
[2018.02.08-00.19.32:939][904]LogModuleManager: Shutting down and abandoning module PaperSpriteSheetImporter (282)
[2018.02.08-00.19.32:939][904]LogModuleManager: Shutting down and abandoning module Paper2DEditor (280)
[2018.02.08-00.19.32:957][904]LogModuleManager: Shutting down and abandoning module MeshPaint (279)
[2018.02.08-00.19.32:968][904]LogModuleManager: Shutting down and abandoning module LevelEditor (277)
[2018.02.08-00.19.33:027][904]LogModuleManager: Shutting down and abandoning module PixelInspectorModule (276)
[2018.02.08-00.19.33:034][904]LogModuleManager: Shutting down and abandoning module MainFrame (274)
[2018.02.08-00.19.33:034][904]LogModuleManager: Shutting down and abandoning module HotReload (273)
[2018.02.08-00.19.33:050][904]LogModuleManager: Shutting down and abandoning module RuntimePhysXCooking (268)
[2018.02.08-00.19.33:050][904]LogModuleManager: Shutting down and abandoning module PhysXVehiclesEditor (266)
[2018.02.08-00.19.33:050][904]LogModuleManager: Shutting down and abandoning module PhysXVehicles (264)
[2018.02.08-00.19.33:050][904]LogModuleManager: Shutting down and abandoning module OculusEditor (262)
[2018.02.08-00.19.33:050][904]LogModuleManager: Shutting down and abandoning module LocationServicesBPLibrary (260)
[2018.02.08-00.19.33:050][904]LogModuleManager: Shutting down and abandoning module ImmediatePhysicsEditor (258)
[2018.02.08-00.19.33:050][904]LogModuleManager: Shutting down and abandoning module ImmediatePhysics (256)
[2018.02.08-00.19.33:060][904]LogModuleManager: Shutting down and abandoning module UdpMessaging (254)
[2018.02.08-00.19.33:171][904]LogModuleManager: Shutting down and abandoning module TcpMessaging (252)
[2018.02.08-00.19.33:282][904]LogModuleManager: Shutting down and abandoning module GameplayTagsEditor (250)
[2018.02.08-00.19.33:320][904]LogModuleManager: Shutting down and abandoning module FacialAnimationEditor (248)
[2018.02.08-00.19.33:320][904]LogModuleManager: Shutting down and abandoning module FacialAnimation (246)
[2018.02.08-00.19.33:320][904]LogModuleManager: Shutting down and abandoning module AssetManagerEditor (244)
[2018.02.08-00.19.33:333][904]LogModuleManager: Shutting down and abandoning module GraphEditor (243)
[2018.02.08-00.19.33:333][904]LogModuleManager: Shutting down and abandoning module ContentBrowser (241)
[2018.02.08-00.19.33:334][904]LogModuleManager: Shutting down and abandoning module LightPropagationVolumeRuntime (238)
[2018.02.08-00.19.33:334][904]LogModuleManager: Shutting down and abandoning module Paper2D (236)
[2018.02.08-00.19.33:334][904]LogModuleManager: Shutting down and abandoning module WindowsMoviePlayer (234)
[2018.02.08-00.19.33:345][904]LogModuleManager: Shutting down and abandoning module WmfMedia (232)
[2018.02.08-00.19.33:401][904]LogModuleManager: Shutting down and abandoning module ImgMedia (230)
[2018.02.08-00.19.33:401][904]LogModuleManager: Shutting down and abandoning module PacketHandler (228)
[2018.02.08-00.19.33:418][904]LogModuleManager: Shutting down and abandoning module ClothingSystemEditor (226)
[2018.02.08-00.19.33:427][904]LogModuleManager: Shutting down and abandoning module ClothingSystemRuntime (224)
[2018.02.08-00.19.33:463][904]LogModuleManager: Shutting down and abandoning module MediaAssets (222)
[2018.02.08-00.19.33:463][904]LogModuleManager: Shutting down and abandoning module Media (221)
[2018.02.08-00.19.33:468][904]LogModuleManager: Shutting down and abandoning module Overlay (218)
[2018.02.08-00.19.33:468][904]LogModuleManager: Shutting down and abandoning module OverlayEditor (217)
[2018.02.08-00.19.33:468][904]LogModuleManager: Shutting down and abandoning module VREditor (214)
[2018.02.08-00.19.33:484][904]LogModuleManager: Shutting down and abandoning module StringTableEditor (212)
[2018.02.08-00.19.33:491][904]LogModuleManager: Shutting down and abandoning module GameplayTasksEditor (210)
[2018.02.08-00.19.33:491][904]LogModuleManager: Shutting down and abandoning module BehaviorTreeEditor (208)
[2018.02.08-00.19.33:514][904]LogModuleManager: Shutting down and abandoning module FunctionalTesting (206)
[2018.02.08-00.19.33:518][904]LogModuleManager: Shutting down and abandoning module CollisionAnalyzer (204)
[2018.02.08-00.19.33:526][904]LogModuleManager: Shutting down and abandoning module WorkspaceMenuStructure (203)
[2018.02.08-00.19.33:526][904]LogModuleManager: Shutting down and abandoning module UMG (200)
[2018.02.08-00.19.33:543][904]LogModuleManager: Shutting down and abandoning module UMGEditor (199)
[2018.02.08-00.19.33:583][904]LogModuleManager: Shutting down and abandoning module Sequencer (198)
[2018.02.08-00.19.33:633][904]LogModuleManager: Shutting down and abandoning module MessageLog (195)
[2018.02.08-00.19.33:633][904]LogModuleManager: Shutting down and abandoning module SlateReflector (190)
[2018.02.08-00.19.33:684][904]LogModuleManager: Shutting down and abandoning module Slate (188)
[2018.02.08-00.19.33:684][904]LogModuleManager: Shutting down and abandoning module EditorStyle (186)
[2018.02.08-00.19.33:727][904]LogModuleManager: Shutting down and abandoning module MRMesh (184)
[2018.02.08-00.19.33:727][904]LogModuleManager: Shutting down and abandoning module SourceCodeAccess (182)
[2018.02.08-00.19.33:727][904]LogModuleManager: Shutting down and abandoning module HeadMountedDisplay (180)
[2018.02.08-00.19.33:727][904]LogModuleManager: Shutting down and abandoning module XAudio2 (178)
[2018.02.08-00.19.33:727][904]LogModuleManager: Shutting down and abandoning module Networking (176)
[2018.02.08-00.19.33:727][904]LogModuleManager: Shutting down and abandoning module Core (172)
[2018.02.08-00.19.33:727][904]LogModuleManager: Shutting down and abandoning module LevelSequence (168)
[2018.02.08-00.19.33:737][904]LogModuleManager: Shutting down and abandoning module DirectoryWatcher (166)
[2018.02.08-00.19.33:738][904]LogModuleManager: Shutting down and abandoning module KismetCompiler (164)
[2018.02.08-00.19.33:752][904]LogModuleManager: Shutting down and abandoning module MeshUtilities (162)
[2018.02.08-00.19.33:776][904]LogModuleManager: Shutting down and abandoning module MeshMergeUtilities (161)
[2018.02.08-00.19.33:782][904]LogModuleManager: Shutting down and abandoning module MeshReductionInterface (160)
[2018.02.08-00.19.33:782][904]LogModuleManager: Shutting down and abandoning module SimplygonSwarm (159)
[2018.02.08-00.19.33:786][904]LogModuleManager: Shutting down and abandoning module SimplygonMeshReduction (157)
[2018.02.08-00.19.33:786][904]LogModuleManager: Shutting down and abandoning module QuadricMeshReduction (155)
[2018.02.08-00.19.33:794][904]LogModuleManager: Shutting down and abandoning module MaterialBaking (151)
[2018.02.08-00.19.33:804][904]LogModuleManager: Shutting down and abandoning module DerivedDataCache (148)
[2018.02.08-00.19.33:884][904]LogDerivedDataCache: Shutdown
[2018.02.08-00.19.33:884][904]LogModuleManager: Shutting down and abandoning module TargetPlatform (146)
[2018.02.08-00.19.33:893][904]LogModuleManager: Shutting down and abandoning module VulkanShaderFormat (145)
[2018.02.08-00.19.33:902][904]LogModuleManager: Shutting down and abandoning module ShaderFormatVectorVM (143)
[2018.02.08-00.19.33:922][904]LogModuleManager: Shutting down and abandoning module ShaderFormatOpenGL (141)
[2018.02.08-00.19.33:940][904]LogModuleManager: Shutting down and abandoning module ShaderFormatD3D (139)
[2018.02.08-00.19.33:947][904]LogModuleManager: Shutting down and abandoning module MetalShaderFormat (137)
[2018.02.08-00.19.33:956][904]LogModuleManager: Shutting down and abandoning module TextureFormatUncompressed (135)
[2018.02.08-00.19.33:956][904]LogModuleManager: Shutting down and abandoning module TextureFormatPVR (133)
[2018.02.08-00.19.33:956][904]LogModuleManager: Shutting down and abandoning module TextureFormatDXT (131)
[2018.02.08-00.19.33:968][904]LogModuleManager: Shutting down and abandoning module TextureFormatIntelISPCTexComp (129)
[2018.02.08-00.19.33:969][904]LogModuleManager: Shutting down and abandoning module TextureFormatASTC (127)
[2018.02.08-00.19.33:969][904]LogModuleManager: Shutting down and abandoning module ImageWrapper (126)
[2018.02.08-00.19.33:969][904]LogModuleManager: Shutting down and abandoning module TextureFormatAndroid (123)
[2018.02.08-00.19.33:969][904]LogModuleManager: Shutting down and abandoning module AudioFormatOpus (121)
[2018.02.08-00.19.33:969][904]LogModuleManager: Shutting down and abandoning module AudioFormatOgg (119)
[2018.02.08-00.19.33:969][904]LogModuleManager: Shutting down and abandoning module AudioFormatADPCM (117)
[2018.02.08-00.19.33:969][904]LogModuleManager: Shutting down and abandoning module LinuxTargetPlatform (115)
[2018.02.08-00.19.33:969][904]LogModuleManager: Shutting down and abandoning module LinuxServerTargetPlatform (113)
[2018.02.08-00.19.33:969][904]LogModuleManager: Shutting down and abandoning module LinuxNoEditorTargetPlatform (111)
[2018.02.08-00.19.33:969][904]LogModuleManager: Shutting down and abandoning module LinuxClientTargetPlatform (109)
[2018.02.08-00.19.33:969][904]LogModuleManager: Shutting down and abandoning module TVOSTargetPlatform (107)
[2018.02.08-00.19.33:969][904]LogModuleManager: Shutting down and abandoning module Messaging (105)
[2018.02.08-00.19.33:969][904]LogModuleManager: Shutting down and abandoning module IOSTargetPlatform (103)
[2018.02.08-00.19.33:969][904]LogModuleManager: Shutting down and abandoning module HTML5TargetPlatform (101)
[2018.02.08-00.19.33:969][904]LogModuleManager: Shutting down and abandoning module AndroidTargetPlatform (99)
[2018.02.08-00.19.33:969][904]LogModuleManager: Shutting down and abandoning module Android_PVRTCTargetPlatform (97)
[2018.02.08-00.19.33:969][904]LogModuleManager: Shutting down and abandoning module Android_MultiTargetPlatform (95)
[2018.02.08-00.19.33:969][904]LogModuleManager: Shutting down and abandoning module Android_ETC2TargetPlatform (93)
[2018.02.08-00.19.33:969][904]LogModuleManager: Shutting down and abandoning module Android_ETC1TargetPlatform (91)
[2018.02.08-00.19.33:969][904]LogModuleManager: Shutting down and abandoning module Android_DXTTargetPlatform (89)
[2018.02.08-00.19.33:969][904]LogModuleManager: Shutting down and abandoning module Android_ATCTargetPlatform (87)
[2018.02.08-00.19.33:969][904]LogModuleManager: Shutting down and abandoning module Android_ASTCTargetPlatform (85)
[2018.02.08-00.19.33:969][904]LogModuleManager: Shutting down and abandoning module WindowsTargetPlatform (83)
[2018.02.08-00.19.33:969][904]LogModuleManager: Shutting down and abandoning module WindowsServerTargetPlatform (81)
[2018.02.08-00.19.33:969][904]LogModuleManager: Shutting down and abandoning module WindowsNoEditorTargetPlatform (79)
[2018.02.08-00.19.33:969][904]LogModuleManager: Shutting down and abandoning module WindowsClientTargetPlatform (77)
[2018.02.08-00.19.33:969][904]LogModuleManager: Shutting down and abandoning module MacTargetPlatform (75)
[2018.02.08-00.19.33:969][904]LogModuleManager: Shutting down and abandoning module MacServerTargetPlatform (73)
[2018.02.08-00.19.33:969][904]LogModuleManager: Shutting down and abandoning module MacNoEditorTargetPlatform (71)
[2018.02.08-00.19.33:969][904]LogModuleManager: Shutting down and abandoning module MacClientTargetPlatform (69)
[2018.02.08-00.19.33:969][904]LogModuleManager: Shutting down and abandoning module AllDesktopTargetPlatform (67)
[2018.02.08-00.19.33:969][904]LogModuleManager: Shutting down and abandoning module InputCore (64)
[2018.02.08-00.19.33:969][904]LogModuleManager: Shutting down and abandoning module Settings (62)
[2018.02.08-00.19.33:969][904]LogModuleManager: Shutting down and abandoning module PhysXCooking (60)
[2018.02.08-00.19.33:969][904]LogModuleManager: Shutting down and abandoning module SteamVR (58)
[2018.02.08-00.19.33:969][904]LogModuleManager: Shutting down and abandoning module OculusHMD (56)
[2018.02.08-00.19.33:977][904]LogModuleManager: Shutting down and abandoning module ExampleDeviceProfileSelector (54)
[2018.02.08-00.19.33:977][904]LogModuleManager: Shutting down and abandoning module AppleARKit (52)
[2018.02.08-00.19.33:977][904]LogModuleManager: Shutting down and abandoning module AugmentedReality (51)
[2018.02.08-00.19.33:977][904]LogModuleManager: Shutting down and abandoning module OnlineBlueprintSupport (48)
[2018.02.08-00.19.33:977][904]LogModuleManager: Shutting down and abandoning module OnlineSubsystem (44)
[2018.02.08-00.19.33:993][904]LogModuleManager: Shutting down and abandoning module XMPP (43)
[2018.02.08-00.19.34:036][904]LogModuleManager: Shutting down and abandoning module HTTP (41)
[2018.02.08-00.19.34:036][904]LogHttp: Display: Http module shutting down, but needs to wait on 1 outstanding Http requests:
[2018.02.08-00.19.34:063][904]LogHttp: Display: 	verb=[POST] url=[https://datarouter.ol.epicgames.com/datarouter/api/v1/public/data?SessionID=%7B7FA93E95-43BD-C9F3-4955-5CA911856EBE%7D&AppID=UEEditor.Rocket.Release&AppVersion=4.18.3-3832480%2B%2B%2BUE4%2BRelease-4.18&UserID=7260851f45eebf939100a0821310f853%7C37d8b649ceb64c6f99765ddf7104a8f7%7Ce3df040c-1d93-4bd8-8181-8bbb824702f4&AppEnvironment=datacollector-binary&UploadType=eteventstream] status=Processing
[2018.02.08-00.19.34:139][904]LogModuleManager: Shutting down and abandoning module SSL (40)
[2018.02.08-00.19.34:263][904]LogModuleManager: Shutting down and abandoning module AnimationModifiers (36)
[2018.02.08-00.19.34:284][904]LogModuleManager: Shutting down and abandoning module PropertyEditor (35)
[2018.02.08-00.19.34:301][904]LogModuleManager: Shutting down and abandoning module AudioEditor (32)
[2018.02.08-00.19.34:321][904]LogModuleManager: Shutting down and abandoning module TextureCompressor (30)
[2018.02.08-00.19.34:371][904]LogModuleManager: Shutting down and abandoning module ShaderCore (28)
[2018.02.08-00.19.34:371][904]LogModuleManager: Shutting down and abandoning module Landscape (26)
[2018.02.08-00.19.34:371][904]LogModuleManager: Shutting down and abandoning module SlateRHIRenderer (24)
[2018.02.08-00.19.34:401][904]LogModuleManager: Shutting down and abandoning module OpenGLDrv (22)
[2018.02.08-00.19.34:430][904]LogModuleManager: Shutting down and abandoning module D3D11RHI (20)
[2018.02.08-00.19.34:430][904]LogModuleManager: Shutting down and abandoning module AnimGraphRuntime (18)
[2018.02.08-00.19.34:447][904]LogModuleManager: Shutting down and abandoning module Renderer (16)
[2018.02.08-00.19.34:459][904]LogModuleManager: Shutting down and abandoning module Engine (14)
[2018.02.08-00.19.34:462][904]LogModuleManager: Shutting down and abandoning module CoreUObject (12)
[2018.02.08-00.19.34:462][904]LogModuleManager: Shutting down and abandoning module NetworkFile (10)
[2018.02.08-00.19.34:469][904]LogModuleManager: Shutting down and abandoning module CookedIterativeFile (8)
[2018.02.08-00.19.34:469][904]LogModuleManager: Shutting down and abandoning module StreamingFile (6)
[2018.02.08-00.19.34:473][904]LogModuleManager: Shutting down and abandoning module SandboxFile (4)
[2018.02.08-00.19.34:473][904]LogModuleManager: Shutting down and abandoning module PakFile (2)
[2018.02.08-00.19.34:567][904]LogExit: Exiting.
[2018.02.08-00.19.34:726][904]Log file closed, 02/08/18 01:19:34
